<?xml version="1.0" encoding="UTF-8"?>
<robot generator="Robot 7.4.2 (Python 3.11.0 on win32)" generated="2026-06-29T11:51:20.847201" rpa="false" schemaversion="5">
<suite id="s1" name="Results Summary" source="D:\New folder\WashTab_Automation\tests\test_suites_summary\results_summary.robot">
<test id="s1-t1" name="Print Robot Execution Summary From Results Folder" line="11">
<kw name="Run Process" owner="Process">
<msg time="2026-06-29T11:51:20.910255" level="INFO">Starting process:
python scripts/robot_results_summary.py results/output.xml</msg>
<msg time="2026-06-29T11:51:20.925254" level="INFO">Waiting for process to complete.</msg>
<msg time="2026-06-29T11:51:21.020388" level="INFO">Process completed.</msg>
<msg time="2026-06-29T11:51:21.020388" level="INFO">${result} = &lt;result object with rc 0&gt;</msg>
<var>${result}</var>
<arg>python</arg>
<arg>${SUMMARY_SCRIPT}</arg>
<arg>${RESULTS_OUTPUT_XML}</arg>
<arg>shell=False</arg>
<arg>stdout=PIPE</arg>
<arg>stderr=PIPE</arg>
<doc>Runs a process and waits for it to complete.</doc>
<status status="PASS" start="2026-06-29T11:51:20.908249" elapsed="0.112139"/>
</kw>
<kw name="Should Be Equal As Integers" owner="BuiltIn">
<msg time="2026-06-29T11:51:21.022377" level="INFO">Argument types are:
&lt;class 'int'&gt;
&lt;class 'str'&gt;</msg>
<arg>${result.rc}</arg>
<arg>0</arg>
<arg>msg=${result.stderr}</arg>
<doc>Fails if objects are unequal after converting them to integers.</doc>
<status status="PASS" start="2026-06-29T11:51:21.021379" elapsed="0.000998"/>
</kw>
<kw name="Split To Lines">
<kw name="Split String" owner="String">
<msg time="2026-06-29T11:51:21.024376" level="INFO">@{lines} = [ TOTAL=1 | PASSED=0 | FAILED=1 | ERROR_MESSAGES_START | Print Robot Execution Summary From Results Folder | Results file not found: results\output.xml: 1 != 0 | ERROR_MESSAGES_END ]</msg>
<var>@{lines}</var>
<arg>${text}</arg>
<arg>\n</arg>
<doc>Splits the ``string`` using ``separator`` as a delimiter string.</doc>
<status status="PASS" start="2026-06-29T11:51:21.024376" elapsed="0.001001"/>
</kw>
<kw name="Create List" owner="BuiltIn">
<msg time="2026-06-29T11:51:21.025883" level="INFO">${normalized_lines} = []</msg>
<var>${normalized_lines}</var>
<doc>Returns a list containing given items.</doc>
<status status="PASS" start="2026-06-29T11:51:21.025377" elapsed="0.000506"/>
</kw>
<for flavor="IN">
<iter>
<kw name="Strip String" owner="String">
<msg time="2026-06-29T11:51:21.025883" level="INFO">${trimmed} = TOTAL=1</msg>
<var>${trimmed}</var>
<arg>${line}</arg>
<doc>Remove leading and/or trailing whitespaces from the given string.</doc>
<status status="PASS" start="2026-06-29T11:51:21.025883" elapsed="0.000000"/>
</kw>
<if>
<branch type="IF" condition="$trimmed != ''">
<kw name="Append To List" owner="Collections">
<arg>${normalized_lines}</arg>
<arg>${trimmed}</arg>
<doc>Adds ``values`` to the end of ``list``.</doc>
<status status="PASS" start="2026-06-29T11:51:21.028892" elapsed="0.000000"/>
</kw>
<status status="PASS" start="2026-06-29T11:51:21.025883" elapsed="0.003009"/>
</branch>
<status status="PASS" start="2026-06-29T11:51:21.025883" elapsed="0.003009"/>
</if>
<var name="${line}">TOTAL=1</var>
<status status="PASS" start="2026-06-29T11:51:21.025883" elapsed="0.003009"/>
</iter>
<iter>
<kw name="Strip String" owner="String">
<msg time="2026-06-29T11:51:21.028892" level="INFO">${trimmed} = PASSED=0</msg>
<var>${trimmed}</var>
<arg>${line}</arg>
<doc>Remove leading and/or trailing whitespaces from the given string.</doc>
<status status="PASS" start="2026-06-29T11:51:21.028892" elapsed="0.001000"/>
</kw>
<if>
<branch type="IF" condition="$trimmed != ''">
<kw name="Append To List" owner="Collections">
<arg>${normalized_lines}</arg>
<arg>${trimmed}</arg>
<doc>Adds ``values`` to the end of ``list``.</doc>
<status status="PASS" start="2026-06-29T11:51:21.029892" elapsed="0.000000"/>
</kw>
<status status="PASS" start="2026-06-29T11:51:21.029892" elapsed="0.000000"/>
</branch>
<status status="PASS" start="2026-06-29T11:51:21.029892" elapsed="0.000998"/>
</if>
<var name="${line}">PASSED=0</var>
<status status="PASS" start="2026-06-29T11:51:21.028892" elapsed="0.001998"/>
</iter>
<iter>
<kw name="Strip String" owner="String">
<msg time="2026-06-29T11:51:21.030890" level="INFO">${trimmed} = FAILED=1</msg>
<var>${trimmed}</var>
<arg>${line}</arg>
<doc>Remove leading and/or trailing whitespaces from the given string.</doc>
<status status="PASS" start="2026-06-29T11:51:21.030890" elapsed="0.000000"/>
</kw>
<if>
<branch type="IF" condition="$trimmed != ''">
<kw name="Append To List" owner="Collections">
<arg>${normalized_lines}</arg>
<arg>${trimmed}</arg>
<doc>Adds ``values`` to the end of ``list``.</doc>
<status status="PASS" start="2026-06-29T11:51:21.030890" elapsed="0.001000"/>
</kw>
<status status="PASS" start="2026-06-29T11:51:21.030890" elapsed="0.001000"/>
</branch>
<status status="PASS" start="2026-06-29T11:51:21.030890" elapsed="0.001000"/>
</if>
<var name="${line}">FAILED=1</var>
<status status="PASS" start="2026-06-29T11:51:21.030890" elapsed="0.001000"/>
</iter>
<iter>
<kw name="Strip String" owner="String">
<msg time="2026-06-29T11:51:21.031890" level="INFO">${trimmed} = ERROR_MESSAGES_START</msg>
<var>${trimmed}</var>
<arg>${line}</arg>
<doc>Remove leading and/or trailing whitespaces from the given string.</doc>
<status status="PASS" start="2026-06-29T11:51:21.031890" elapsed="0.000000"/>
</kw>
<if>
<branch type="IF" condition="$trimmed != ''">
<kw name="Append To List" owner="Collections">
<arg>${normalized_lines}</arg>
<arg>${trimmed}</arg>
<doc>Adds ``values`` to the end of ``list``.</doc>
<status status="PASS" start="2026-06-29T11:51:21.032905" elapsed="0.000000"/>
</kw>
<status status="PASS" start="2026-06-29T11:51:21.031890" elapsed="0.001015"/>
</branch>
<status status="PASS" start="2026-06-29T11:51:21.031890" elapsed="0.001015"/>
</if>
<var name="${line}">ERROR_MESSAGES_START</var>
<status status="PASS" start="2026-06-29T11:51:21.031890" elapsed="0.001015"/>
</iter>
<iter>
<kw name="Strip String" owner="String">
<msg time="2026-06-29T11:51:21.032905" level="INFO">${trimmed} = Print Robot Execution Summary From Results Folder</msg>
<var>${trimmed}</var>
<arg>${line}</arg>
<doc>Remove leading and/or trailing whitespaces from the given string.</doc>
<status status="PASS" start="2026-06-29T11:51:21.032905" elapsed="0.000000"/>
</kw>
<if>
<branch type="IF" condition="$trimmed != ''">
<kw name="Append To List" owner="Collections">
<arg>${normalized_lines}</arg>
<arg>${trimmed}</arg>
<doc>Adds ``values`` to the end of ``list``.</doc>
<status status="PASS" start="2026-06-29T11:51:21.033909" elapsed="0.000000"/>
</kw>
<status status="PASS" start="2026-06-29T11:51:21.032905" elapsed="0.001004"/>
</branch>
<status status="PASS" start="2026-06-29T11:51:21.032905" elapsed="0.001004"/>
</if>
<var name="${line}">Print Robot Execution Summary From Results Folder</var>
<status status="PASS" start="2026-06-29T11:51:21.032905" elapsed="0.001004"/>
</iter>
<iter>
<kw name="Strip String" owner="String">
<msg time="2026-06-29T11:51:21.033909" level="INFO">${trimmed} = Results file not found: results\output.xml: 1 != 0</msg>
<var>${trimmed}</var>
<arg>${line}</arg>
<doc>Remove leading and/or trailing whitespaces from the given string.</doc>
<status status="PASS" start="2026-06-29T11:51:21.033909" elapsed="0.000000"/>
</kw>
<if>
<branch type="IF" condition="$trimmed != ''">
<kw name="Append To List" owner="Collections">
<arg>${normalized_lines}</arg>
<arg>${trimmed}</arg>
<doc>Adds ``values`` to the end of ``list``.</doc>
<status status="PASS" start="2026-06-29T11:51:21.033909" elapsed="0.000000"/>
</kw>
<status status="PASS" start="2026-06-29T11:51:21.033909" elapsed="0.000000"/>
</branch>
<status status="PASS" start="2026-06-29T11:51:21.033909" elapsed="0.000000"/>
</if>
<var name="${line}">Results file not found: results\output.xml: 1 != 0</var>
<status status="PASS" start="2026-06-29T11:51:21.033909" elapsed="0.000000"/>
</iter>
<iter>
<kw name="Strip String" owner="String">
<msg time="2026-06-29T11:51:21.035437" level="INFO">${trimmed} = ERROR_MESSAGES_END</msg>
<var>${trimmed}</var>
<arg>${line}</arg>
<doc>Remove leading and/or trailing whitespaces from the given string.</doc>
<status status="PASS" start="2026-06-29T11:51:21.035437" elapsed="0.000000"/>
</kw>
<if>
<branch type="IF" condition="$trimmed != ''">
<kw name="Append To List" owner="Collections">
<arg>${normalized_lines}</arg>
<arg>${trimmed}</arg>
<doc>Adds ``values`` to the end of ``list``.</doc>
<status status="PASS" start="2026-06-29T11:51:21.035437" elapsed="0.000000"/>
</kw>
<status status="PASS" start="2026-06-29T11:51:21.035437" elapsed="0.000000"/>
</branch>
<status status="PASS" start="2026-06-29T11:51:21.035437" elapsed="0.000000"/>
</if>
<var name="${line}">ERROR_MESSAGES_END</var>
<status status="PASS" start="2026-06-29T11:51:21.033909" elapsed="0.001528"/>
</iter>
<var>${line}</var>
<value>@{lines}</value>
<status status="PASS" start="2026-06-29T11:51:21.025883" elapsed="0.009554"/>
</for>
<return>
<value>@{normalized_lines}</value>
<status status="PASS" start="2026-06-29T11:51:21.035437" elapsed="0.000000"/>
</return>
<msg time="2026-06-29T11:51:21.036448" level="INFO">@{summary_lines} = [ TOTAL=1 | PASSED=0 | FAILED=1 | ERROR_MESSAGES_START | Print Robot Execution Summary From Results Folder | Results file not found: results\output.xml: 1 != 0 | ERROR_MESSAGES_END ]</msg>
<var>@{summary_lines}</var>
<arg>${result.stdout}</arg>
<status status="PASS" start="2026-06-29T11:51:21.023378" elapsed="0.013070"/>
</kw>
<kw name="Get Summary Value">
<for flavor="IN">
<iter>
<kw name="Evaluate" owner="BuiltIn">
<msg time="2026-06-29T11:51:21.037470" level="INFO">${starts_with_prefix} = True</msg>
<var>${starts_with_prefix}</var>
<arg>$line.startswith($prefix)</arg>
<doc>Evaluates the given expression in Python and returns the result.</doc>
<status status="PASS" start="2026-06-29T11:51:21.037470" elapsed="0.000000"/>
</kw>
<if>
<branch type="IF" condition="${starts_with_prefix}">
<kw name="Replace String" owner="String">
<msg time="2026-06-29T11:51:21.038472" level="INFO">${value} = 1</msg>
<var>${value}</var>
<arg>${line}</arg>
<arg>${prefix}</arg>
<arg>${EMPTY}</arg>
<doc>Replaces ``search_for`` in the given ``string`` with ``replace_with``.</doc>
<status status="PASS" start="2026-06-29T11:51:21.038472" elapsed="0.000000"/>
</kw>
<return>
<value>${value}</value>
<status status="PASS" start="2026-06-29T11:51:21.038472" elapsed="0.000000"/>
</return>
<status status="PASS" start="2026-06-29T11:51:21.037470" elapsed="0.001002"/>
</branch>
<status status="PASS" start="2026-06-29T11:51:21.037470" elapsed="0.001002"/>
</if>
<var name="${line}">TOTAL=1</var>
<status status="PASS" start="2026-06-29T11:51:21.037470" elapsed="0.001002"/>
</iter>
<var>${line}</var>
<value>@{summary_lines}</value>
<status status="PASS" start="2026-06-29T11:51:21.036448" elapsed="0.002024"/>
</for>
<kw name="Fail" owner="BuiltIn">
<arg>Could not find summary line with prefix: ${prefix}</arg>
<doc>Fails the test with the given message and optionally alters its tags.</doc>
<status status="NOT RUN" start="2026-06-29T11:51:21.039467" elapsed="0.000000"/>
</kw>
<msg time="2026-06-29T11:51:21.039467" level="INFO">${total_tests_count} = 1</msg>
<var>${total_tests_count}</var>
<arg>TOTAL=</arg>
<arg>@{summary_lines}</arg>
<status status="PASS" start="2026-06-29T11:51:21.036448" elapsed="0.003019"/>
</kw>
<kw name="Get Summary Value">
<for flavor="IN">
<iter>
<kw name="Evaluate" owner="BuiltIn">
<msg time="2026-06-29T11:51:21.040467" level="INFO">${starts_with_prefix} = False</msg>
<var>${starts_with_prefix}</var>
<arg>$line.startswith($prefix)</arg>
<doc>Evaluates the given expression in Python and returns the result.</doc>
<status status="PASS" start="2026-06-29T11:51:21.040467" elapsed="0.000000"/>
</kw>
<if>
<branch type="IF" condition="${starts_with_prefix}">
<kw name="Replace String" owner="String">
<var>${value}</var>
<arg>${line}</arg>
<arg>${prefix}</arg>
<arg>${EMPTY}</arg>
<doc>Replaces ``search_for`` in the given ``string`` with ``replace_with``.</doc>
<status status="NOT RUN" start="2026-06-29T11:51:21.040467" elapsed="0.000000"/>
</kw>
<return>
<value>${value}</value>
<status status="NOT RUN" start="2026-06-29T11:51:21.040467" elapsed="0.000000"/>
</return>
<status status="NOT RUN" start="2026-06-29T11:51:21.040467" elapsed="0.000000"/>
</branch>
<status status="PASS" start="2026-06-29T11:51:21.040467" elapsed="0.000000"/>
</if>
<var name="${line}">TOTAL=1</var>
<status status="PASS" start="2026-06-29T11:51:21.039467" elapsed="0.001000"/>
</iter>
<iter>
<kw name="Evaluate" owner="BuiltIn">
<msg time="2026-06-29T11:51:21.041468" level="INFO">${starts_with_prefix} = True</msg>
<var>${starts_with_prefix}</var>
<arg>$line.startswith($prefix)</arg>
<doc>Evaluates the given expression in Python and returns the result.</doc>
<status status="PASS" start="2026-06-29T11:51:21.041468" elapsed="0.000000"/>
</kw>
<if>
<branch type="IF" condition="${starts_with_prefix}">
<kw name="Replace String" owner="String">
<msg time="2026-06-29T11:51:21.042466" level="INFO">${value} = 0</msg>
<var>${value}</var>
<arg>${line}</arg>
<arg>${prefix}</arg>
<arg>${EMPTY}</arg>
<doc>Replaces ``search_for`` in the given ``string`` with ``replace_with``.</doc>
<status status="PASS" start="2026-06-29T11:51:21.041468" elapsed="0.000998"/>
</kw>
<return>
<value>${value}</value>
<status status="PASS" start="2026-06-29T11:51:21.042466" elapsed="0.000000"/>
</return>
<status status="PASS" start="2026-06-29T11:51:21.041468" elapsed="0.000998"/>
</branch>
<status status="PASS" start="2026-06-29T11:51:21.041468" elapsed="0.000998"/>
</if>
<var name="${line}">PASSED=0</var>
<status status="PASS" start="2026-06-29T11:51:21.041468" elapsed="0.000998"/>
</iter>
<var>${line}</var>
<value>@{summary_lines}</value>
<status status="PASS" start="2026-06-29T11:51:21.039467" elapsed="0.002999"/>
</for>
<kw name="Fail" owner="BuiltIn">
<arg>Could not find summary line with prefix: ${prefix}</arg>
<doc>Fails the test with the given message and optionally alters its tags.</doc>
<status status="NOT RUN" start="2026-06-29T11:51:21.042466" elapsed="0.000000"/>
</kw>
<msg time="2026-06-29T11:51:21.042466" level="INFO">${pass_tests_count} = 0</msg>
<var>${pass_tests_count}</var>
<arg>PASSED=</arg>
<arg>@{summary_lines}</arg>
<status status="PASS" start="2026-06-29T11:51:21.039467" elapsed="0.002999"/>
</kw>
<kw name="Get Summary Value">
<for flavor="IN">
<iter>
<kw name="Evaluate" owner="BuiltIn">
<msg time="2026-06-29T11:51:21.044466" level="INFO">${starts_with_prefix} = False</msg>
<var>${starts_with_prefix}</var>
<arg>$line.startswith($prefix)</arg>
<doc>Evaluates the given expression in Python and returns the result.</doc>
<status status="PASS" start="2026-06-29T11:51:21.043465" elapsed="0.001001"/>
</kw>
<if>
<branch type="IF" condition="${starts_with_prefix}">
<kw name="Replace String" owner="String">
<var>${value}</var>
<arg>${line}</arg>
<arg>${prefix}</arg>
<arg>${EMPTY}</arg>
<doc>Replaces ``search_for`` in the given ``string`` with ``replace_with``.</doc>
<status status="NOT RUN" start="2026-06-29T11:51:21.044466" elapsed="0.000000"/>
</kw>
<return>
<value>${value}</value>
<status status="NOT RUN" start="2026-06-29T11:51:21.044466" elapsed="0.000000"/>
</return>
<status status="NOT RUN" start="2026-06-29T11:51:21.044466" elapsed="0.000000"/>
</branch>
<status status="PASS" start="2026-06-29T11:51:21.044466" elapsed="0.000000"/>
</if>
<var name="${line}">TOTAL=1</var>
<status status="PASS" start="2026-06-29T11:51:21.043465" elapsed="0.001001"/>
</iter>
<iter>
<kw name="Evaluate" owner="BuiltIn">
<msg time="2026-06-29T11:51:21.045465" level="INFO">${starts_with_prefix} = False</msg>
<var>${starts_with_prefix}</var>
<arg>$line.startswith($prefix)</arg>
<doc>Evaluates the given expression in Python and returns the result.</doc>
<status status="PASS" start="2026-06-29T11:51:21.044466" elapsed="0.000999"/>
</kw>
<if>
<branch type="IF" condition="${starts_with_prefix}">
<kw name="Replace String" owner="String">
<var>${value}</var>
<arg>${line}</arg>
<arg>${prefix}</arg>
<arg>${EMPTY}</arg>
<doc>Replaces ``search_for`` in the given ``string`` with ``replace_with``.</doc>
<status status="NOT RUN" start="2026-06-29T11:51:21.045465" elapsed="0.000000"/>
</kw>
<return>
<value>${value}</value>
<status status="NOT RUN" start="2026-06-29T11:51:21.046452" elapsed="0.000000"/>
</return>
<status status="NOT RUN" start="2026-06-29T11:51:21.045465" elapsed="0.000987"/>
</branch>
<status status="PASS" start="2026-06-29T11:51:21.045465" elapsed="0.000987"/>
</if>
<var name="${line}">PASSED=0</var>
<status status="PASS" start="2026-06-29T11:51:21.044466" elapsed="0.001986"/>
</iter>
<iter>
<kw name="Evaluate" owner="BuiltIn">
<msg time="2026-06-29T11:51:21.046452" level="INFO">${starts_with_prefix} = True</msg>
<var>${starts_with_prefix}</var>
<arg>$line.startswith($prefix)</arg>
<doc>Evaluates the given expression in Python and returns the result.</doc>
<status status="PASS" start="2026-06-29T11:51:21.046452" elapsed="0.000000"/>
</kw>
<if>
<branch type="IF" condition="${starts_with_prefix}">
<kw name="Replace String" owner="String">
<msg time="2026-06-29T11:51:21.047450" level="INFO">${value} = 1</msg>
<var>${value}</var>
<arg>${line}</arg>
<arg>${prefix}</arg>
<arg>${EMPTY}</arg>
<doc>Replaces ``search_for`` in the given ``string`` with ``replace_with``.</doc>
<status status="PASS" start="2026-06-29T11:51:21.047450" elapsed="0.000000"/>
</kw>
<return>
<value>${value}</value>
<status status="PASS" start="2026-06-29T11:51:21.047450" elapsed="0.000000"/>
</return>
<status status="PASS" start="2026-06-29T11:51:21.046452" elapsed="0.000998"/>
</branch>
<status status="PASS" start="2026-06-29T11:51:21.046452" elapsed="0.000998"/>
</if>
<var name="${line}">FAILED=1</var>
<status status="PASS" start="2026-06-29T11:51:21.046452" elapsed="0.000998"/>
</iter>
<var>${line}</var>
<value>@{summary_lines}</value>
<status status="PASS" start="2026-06-29T11:51:21.043465" elapsed="0.003985"/>
</for>
<kw name="Fail" owner="BuiltIn">
<arg>Could not find summary line with prefix: ${prefix}</arg>
<doc>Fails the test with the given message and optionally alters its tags.</doc>
<status status="NOT RUN" start="2026-06-29T11:51:21.048449" elapsed="0.000000"/>
</kw>
<msg time="2026-06-29T11:51:21.048449" level="INFO">${fail_tests_count} = 1</msg>
<var>${fail_tests_count}</var>
<arg>FAILED=</arg>
<arg>@{summary_lines}</arg>
<status status="PASS" start="2026-06-29T11:51:21.043465" elapsed="0.004984"/>
</kw>
<kw name="Log To Console" owner="BuiltIn">
<arg>\nTotal Tests----&gt;${total_tests_count}</arg>
<doc>Logs the given message to the console.</doc>
<status status="PASS" start="2026-06-29T11:51:21.048449" elapsed="0.000000"/>
</kw>
<kw name="Log To Console" owner="BuiltIn">
<arg>Passed Tests---&gt;${pass_tests_count}</arg>
<doc>Logs the given message to the console.</doc>
<status status="PASS" start="2026-06-29T11:51:21.048449" elapsed="0.001000"/>
</kw>
<kw name="Log To Console" owner="BuiltIn">
<arg>Failed Tests---&gt;${fail_tests_count}</arg>
<doc>Logs the given message to the console.</doc>
<status status="PASS" start="2026-06-29T11:51:21.049449" elapsed="0.000000"/>
</kw>
<kw name="Log Failure Messages Section">
<kw name="Set Variable" owner="BuiltIn">
<msg time="2026-06-29T11:51:21.050450" level="INFO">${capture} = False</msg>
<var>${capture}</var>
<arg>${False}</arg>
<doc>Returns the given values which can then be assigned to a variables.</doc>
<status status="PASS" start="2026-06-29T11:51:21.050450" elapsed="0.000000"/>
</kw>
<kw name="Set Variable" owner="BuiltIn">
<msg time="2026-06-29T11:51:21.051449" level="INFO">${current_test_name} = </msg>
<var>${current_test_name}</var>
<arg>${EMPTY}</arg>
<doc>Returns the given values which can then be assigned to a variables.</doc>
<status status="PASS" start="2026-06-29T11:51:21.050450" elapsed="0.000999"/>
</kw>
<kw name="Log To Console" owner="BuiltIn">
<arg>\nError Messages Section:</arg>
<doc>Logs the given message to the console.</doc>
<status status="PASS" start="2026-06-29T11:51:21.051449" elapsed="0.000000"/>
</kw>
<for flavor="IN">
<iter>
<if>
<branch type="IF" condition="$line == 'ERROR_MESSAGES_START'">
<kw name="Set Variable" owner="BuiltIn">
<var>${capture}</var>
<arg>${True}</arg>
<doc>Returns the given values which can then be assigned to a variables.</doc>
<status status="NOT RUN" start="2026-06-29T11:51:21.052455" elapsed="0.000000"/>
</kw>
<continue>
<status status="NOT RUN" start="2026-06-29T11:51:21.052455" elapsed="0.000000"/>
</continue>
<status status="NOT RUN" start="2026-06-29T11:51:21.051449" elapsed="0.001006"/>
</branch>
<status status="PASS" start="2026-06-29T11:51:21.051449" elapsed="0.001006"/>
</if>
<if>
<branch type="IF" condition="$line == 'ERROR_MESSAGES_END'">
<break>
<status status="NOT RUN" start="2026-06-29T11:51:21.052455" elapsed="0.000000"/>
</break>
<status status="NOT RUN" start="2026-06-29T11:51:21.052455" elapsed="0.000000"/>
</branch>
<status status="PASS" start="2026-06-29T11:51:21.052455" elapsed="0.000000"/>
</if>
<if>
<branch type="IF" condition="not ${capture}">
<continue>
<status status="PASS" start="2026-06-29T11:51:21.053457" elapsed="0.000000"/>
</continue>
<status status="PASS" start="2026-06-29T11:51:21.053457" elapsed="0.000000"/>
</branch>
<status status="PASS" start="2026-06-29T11:51:21.053457" elapsed="0.000000"/>
</if>
<if>
<branch type="IF" condition="$current_test_name == ''">
<kw name="Set Variable" owner="BuiltIn">
<var>${current_test_name}</var>
<arg>${line}</arg>
<doc>Returns the given values which can then be assigned to a variables.</doc>
<status status="NOT RUN" start="2026-06-29T11:51:21.053457" elapsed="0.000000"/>
</kw>
<kw name="Log To Console" owner="BuiltIn">
<arg>${current_test_name}</arg>
<doc>Logs the given message to the console.</doc>
<status status="NOT RUN" start="2026-06-29T11:51:21.054457" elapsed="0.000000"/>
</kw>
<status status="NOT RUN" start="2026-06-29T11:51:21.053457" elapsed="0.001000"/>
</branch>
<branch type="ELSE">
<kw name="Log To Console" owner="BuiltIn">
<arg>${line}</arg>
<doc>Logs the given message to the console.</doc>
<status status="NOT RUN" start="2026-06-29T11:51:21.054457" elapsed="0.000000"/>
</kw>
<kw name="Set Variable" owner="BuiltIn">
<var>${current_test_name}</var>
<arg>${EMPTY}</arg>
<doc>Returns the given values which can then be assigned to a variables.</doc>
<status status="NOT RUN" start="2026-06-29T11:51:21.054457" elapsed="0.000000"/>
</kw>
<status status="NOT RUN" start="2026-06-29T11:51:21.054457" elapsed="0.000000"/>
</branch>
<status status="NOT RUN" start="2026-06-29T11:51:21.053457" elapsed="0.001000"/>
</if>
<var name="${line}">TOTAL=1</var>
<status status="PASS" start="2026-06-29T11:51:21.051449" elapsed="0.003008"/>
</iter>
<iter>
<if>
<branch type="IF" condition="$line == 'ERROR_MESSAGES_START'">
<kw name="Set Variable" owner="BuiltIn">
<var>${capture}</var>
<arg>${True}</arg>
<doc>Returns the given values which can then be assigned to a variables.</doc>
<status status="NOT RUN" start="2026-06-29T11:51:21.055455" elapsed="0.000000"/>
</kw>
<continue>
<status status="NOT RUN" start="2026-06-29T11:51:21.055455" elapsed="0.000000"/>
</continue>
<status status="NOT RUN" start="2026-06-29T11:51:21.055455" elapsed="0.000000"/>
</branch>
<status status="PASS" start="2026-06-29T11:51:21.055455" elapsed="0.000000"/>
</if>
<if>
<branch type="IF" condition="$line == 'ERROR_MESSAGES_END'">
<break>
<status status="NOT RUN" start="2026-06-29T11:51:21.055455" elapsed="0.000000"/>
</break>
<status status="NOT RUN" start="2026-06-29T11:51:21.055455" elapsed="0.000000"/>
</branch>
<status status="PASS" start="2026-06-29T11:51:21.055455" elapsed="0.000000"/>
</if>
<if>
<branch type="IF" condition="not ${capture}">
<continue>
<status status="PASS" start="2026-06-29T11:51:21.056456" elapsed="0.000000"/>
</continue>
<status status="PASS" start="2026-06-29T11:51:21.055455" elapsed="0.001001"/>
</branch>
<status status="PASS" start="2026-06-29T11:51:21.055455" elapsed="0.001001"/>
</if>
<if>
<branch type="IF" condition="$current_test_name == ''">
<kw name="Set Variable" owner="BuiltIn">
<var>${current_test_name}</var>
<arg>${line}</arg>
<doc>Returns the given values which can then be assigned to a variables.</doc>
<status status="NOT RUN" start="2026-06-29T11:51:21.056456" elapsed="0.000000"/>
</kw>
<kw name="Log To Console" owner="BuiltIn">
<arg>${current_test_name}</arg>
<doc>Logs the given message to the console.</doc>
<status status="NOT RUN" start="2026-06-29T11:51:21.056456" elapsed="0.000000"/>
</kw>
<status status="NOT RUN" start="2026-06-29T11:51:21.056456" elapsed="0.000000"/>
</branch>
<branch type="ELSE">
<kw name="Log To Console" owner="BuiltIn">
<arg>${line}</arg>
<doc>Logs the given message to the console.</doc>
<status status="NOT RUN" start="2026-06-29T11:51:21.056456" elapsed="0.000000"/>
</kw>
<kw name="Set Variable" owner="BuiltIn">
<var>${current_test_name}</var>
<arg>${EMPTY}</arg>
<doc>Returns the given values which can then be assigned to a variables.</doc>
<status status="NOT RUN" start="2026-06-29T11:51:21.057457" elapsed="0.000000"/>
</kw>
<status status="NOT RUN" start="2026-06-29T11:51:21.056456" elapsed="0.001001"/>
</branch>
<status status="NOT RUN" start="2026-06-29T11:51:21.056456" elapsed="0.001001"/>
</if>
<var name="${line}">PASSED=0</var>
<status status="PASS" start="2026-06-29T11:51:21.055455" elapsed="0.002002"/>
</iter>
<iter>
<if>
<branch type="IF" condition="$line == 'ERROR_MESSAGES_START'">
<kw name="Set Variable" owner="BuiltIn">
<var>${capture}</var>
<arg>${True}</arg>
<doc>Returns the given values which can then be assigned to a variables.</doc>
<status status="NOT RUN" start="2026-06-29T11:51:21.057457" elapsed="0.000000"/>
</kw>
<continue>
<status status="NOT RUN" start="2026-06-29T11:51:21.057457" elapsed="0.000000"/>
</continue>
<status status="NOT RUN" start="2026-06-29T11:51:21.057457" elapsed="0.000000"/>
</branch>
<status status="PASS" start="2026-06-29T11:51:21.057457" elapsed="0.000000"/>
</if>
<if>
<branch type="IF" condition="$line == 'ERROR_MESSAGES_END'">
<break>
<status status="NOT RUN" start="2026-06-29T11:51:21.058455" elapsed="0.000000"/>
</break>
<status status="NOT RUN" start="2026-06-29T11:51:21.057457" elapsed="0.000998"/>
</branch>
<status status="PASS" start="2026-06-29T11:51:21.057457" elapsed="0.000998"/>
</if>
<if>
<branch type="IF" condition="not ${capture}">
<continue>
<status status="PASS" start="2026-06-29T11:51:21.058455" elapsed="0.000000"/>
</continue>
<status status="PASS" start="2026-06-29T11:51:21.058455" elapsed="0.000000"/>
</branch>
<status status="PASS" start="2026-06-29T11:51:21.058455" elapsed="0.000000"/>
</if>
<if>
<branch type="IF" condition="$current_test_name == ''">
<kw name="Set Variable" owner="BuiltIn">
<var>${current_test_name}</var>
<arg>${line}</arg>
<doc>Returns the given values which can then be assigned to a variables.</doc>
<status status="NOT RUN" start="2026-06-29T11:51:21.058455" elapsed="0.000000"/>
</kw>
<kw name="Log To Console" owner="BuiltIn">
<arg>${current_test_name}</arg>
<doc>Logs the given message to the console.</doc>
<status status="NOT RUN" start="2026-06-29T11:51:21.058455" elapsed="0.000000"/>
</kw>
<status status="NOT RUN" start="2026-06-29T11:51:21.058455" elapsed="0.000000"/>
</branch>
<branch type="ELSE">
<kw name="Log To Console" owner="BuiltIn">
<arg>${line}</arg>
<doc>Logs the given message to the console.</doc>
<status status="NOT RUN" start="2026-06-29T11:51:21.058455" elapsed="0.000000"/>
</kw>
<kw name="Set Variable" owner="BuiltIn">
<var>${current_test_name}</var>
<arg>${EMPTY}</arg>
<doc>Returns the given values which can then be assigned to a variables.</doc>
<status status="NOT RUN" start="2026-06-29T11:51:21.059455" elapsed="0.000000"/>
</kw>
<status status="NOT RUN" start="2026-06-29T11:51:21.058455" elapsed="0.001000"/>
</branch>
<status status="NOT RUN" start="2026-06-29T11:51:21.058455" elapsed="0.001000"/>
</if>
<var name="${line}">FAILED=1</var>
<status status="PASS" start="2026-06-29T11:51:21.057457" elapsed="0.001998"/>
</iter>
<iter>
<if>
<branch type="IF" condition="$line == 'ERROR_MESSAGES_START'">
<kw name="Set Variable" owner="BuiltIn">
<msg time="2026-06-29T11:51:21.059455" level="INFO">${capture} = True</msg>
<var>${capture}</var>
<arg>${True}</arg>
<doc>Returns the given values which can then be assigned to a variables.</doc>
<status status="PASS" start="2026-06-29T11:51:21.059455" elapsed="0.001000"/>
</kw>
<continue>
<status status="PASS" start="2026-06-29T11:51:21.060455" elapsed="0.000000"/>
</continue>
<status status="PASS" start="2026-06-29T11:51:21.059455" elapsed="0.001000"/>
</branch>
<status status="PASS" start="2026-06-29T11:51:21.059455" elapsed="0.001000"/>
</if>
<if>
<branch type="IF" condition="$line == 'ERROR_MESSAGES_END'">
<break>
<status status="NOT RUN" start="2026-06-29T11:51:21.060455" elapsed="0.000000"/>
</break>
<status status="NOT RUN" start="2026-06-29T11:51:21.060455" elapsed="0.000000"/>
</branch>
<status status="NOT RUN" start="2026-06-29T11:51:21.060455" elapsed="0.000000"/>
</if>
<if>
<branch type="IF" condition="not ${capture}">
<continue>
<status status="NOT RUN" start="2026-06-29T11:51:21.060455" elapsed="0.000000"/>
</continue>
<status status="NOT RUN" start="2026-06-29T11:51:21.060455" elapsed="0.000000"/>
</branch>
<status status="NOT RUN" start="2026-06-29T11:51:21.060455" elapsed="0.000000"/>
</if>
<if>
<branch type="IF" condition="$current_test_name == ''">
<kw name="Set Variable" owner="BuiltIn">
<var>${current_test_name}</var>
<arg>${line}</arg>
<doc>Returns the given values which can then be assigned to a variables.</doc>
<status status="NOT RUN" start="2026-06-29T11:51:21.060455" elapsed="0.000000"/>
</kw>
<kw name="Log To Console" owner="BuiltIn">
<arg>${current_test_name}</arg>
<doc>Logs the given message to the console.</doc>
<status status="NOT RUN" start="2026-06-29T11:51:21.060455" elapsed="0.001000"/>
</kw>
<status status="NOT RUN" start="2026-06-29T11:51:21.060455" elapsed="0.001000"/>
</branch>
<branch type="ELSE">
<kw name="Log To Console" owner="BuiltIn">
<arg>${line}</arg>
<doc>Logs the given message to the console.</doc>
<status status="NOT RUN" start="2026-06-29T11:51:21.061455" elapsed="0.000000"/>
</kw>
<kw name="Set Variable" owner="BuiltIn">
<var>${current_test_name}</var>
<arg>${EMPTY}</arg>
<doc>Returns the given values which can then be assigned to a variables.</doc>
<status status="NOT RUN" start="2026-06-29T11:51:21.061455" elapsed="0.000000"/>
</kw>
<status status="NOT RUN" start="2026-06-29T11:51:21.061455" elapsed="0.000000"/>
</branch>
<status status="NOT RUN" start="2026-06-29T11:51:21.060455" elapsed="0.001000"/>
</if>
<var name="${line}">ERROR_MESSAGES_START</var>
<status status="PASS" start="2026-06-29T11:51:21.059455" elapsed="0.002000"/>
</iter>
<iter>
<if>
<branch type="IF" condition="$line == 'ERROR_MESSAGES_START'">
<kw name="Set Variable" owner="BuiltIn">
<var>${capture}</var>
<arg>${True}</arg>
<doc>Returns the given values which can then be assigned to a variables.</doc>
<status status="NOT RUN" start="2026-06-29T11:51:21.061455" elapsed="0.001000"/>
</kw>
<continue>
<status status="NOT RUN" start="2026-06-29T11:51:21.062455" elapsed="0.000000"/>
</continue>
<status status="NOT RUN" start="2026-06-29T11:51:21.061455" elapsed="0.001000"/>
</branch>
<status status="PASS" start="2026-06-29T11:51:21.061455" elapsed="0.001000"/>
</if>
<if>
<branch type="IF" condition="$line == 'ERROR_MESSAGES_END'">
<break>
<status status="NOT RUN" start="2026-06-29T11:51:21.062455" elapsed="0.000000"/>
</break>
<status status="NOT RUN" start="2026-06-29T11:51:21.062455" elapsed="0.000000"/>
</branch>
<status status="PASS" start="2026-06-29T11:51:21.062455" elapsed="0.000000"/>
</if>
<if>
<branch type="IF" condition="not ${capture}">
<continue>
<status status="NOT RUN" start="2026-06-29T11:51:21.062455" elapsed="0.000000"/>
</continue>
<status status="NOT RUN" start="2026-06-29T11:51:21.062455" elapsed="0.000000"/>
</branch>
<status status="PASS" start="2026-06-29T11:51:21.062455" elapsed="0.000000"/>
</if>
<if>
<branch type="IF" condition="$current_test_name == ''">
<kw name="Set Variable" owner="BuiltIn">
<msg time="2026-06-29T11:51:21.063457" level="INFO">${current_test_name} = Print Robot Execution Summary From Results Folder</msg>
<var>${current_test_name}</var>
<arg>${line}</arg>
<doc>Returns the given values which can then be assigned to a variables.</doc>
<status status="PASS" start="2026-06-29T11:51:21.063457" elapsed="0.000000"/>
</kw>
<kw name="Log To Console" owner="BuiltIn">
<arg>${current_test_name}</arg>
<doc>Logs the given message to the console.</doc>
<status status="PASS" start="2026-06-29T11:51:21.063457" elapsed="0.000000"/>
</kw>
<status status="PASS" start="2026-06-29T11:51:21.062455" elapsed="0.001002"/>
</branch>
<branch type="ELSE">
<kw name="Log To Console" owner="BuiltIn">
<arg>${line}</arg>
<doc>Logs the given message to the console.</doc>
<status status="NOT RUN" start="2026-06-29T11:51:21.064455" elapsed="0.000000"/>
</kw>
<kw name="Set Variable" owner="BuiltIn">
<var>${current_test_name}</var>
<arg>${EMPTY}</arg>
<doc>Returns the given values which can then be assigned to a variables.</doc>
<status status="NOT RUN" start="2026-06-29T11:51:21.064455" elapsed="0.000000"/>
</kw>
<status status="NOT RUN" start="2026-06-29T11:51:21.063457" elapsed="0.000998"/>
</branch>
<status status="PASS" start="2026-06-29T11:51:21.062455" elapsed="0.002000"/>
</if>
<var name="${line}">Print Robot Execution Summary From Results Folder</var>
<status status="PASS" start="2026-06-29T11:51:21.061455" elapsed="0.003000"/>
</iter>
<iter>
<if>
<branch type="IF" condition="$line == 'ERROR_MESSAGES_START'">
<kw name="Set Variable" owner="BuiltIn">
<var>${capture}</var>
<arg>${True}</arg>
<doc>Returns the given values which can then be assigned to a variables.</doc>
<status status="NOT RUN" start="2026-06-29T11:51:21.064455" elapsed="0.000000"/>
</kw>
<continue>
<status status="NOT RUN" start="2026-06-29T11:51:21.064455" elapsed="0.000000"/>
</continue>
<status status="NOT RUN" start="2026-06-29T11:51:21.064455" elapsed="0.000000"/>
</branch>
<status status="PASS" start="2026-06-29T11:51:21.064455" elapsed="0.001001"/>
</if>
<if>
<branch type="IF" condition="$line == 'ERROR_MESSAGES_END'">
<break>
<status status="NOT RUN" start="2026-06-29T11:51:21.065456" elapsed="0.000000"/>
</break>
<status status="NOT RUN" start="2026-06-29T11:51:21.065456" elapsed="0.000000"/>
</branch>
<status status="PASS" start="2026-06-29T11:51:21.065456" elapsed="0.000000"/>
</if>
<if>
<branch type="IF" condition="not ${capture}">
<continue>
<status status="NOT RUN" start="2026-06-29T11:51:21.065456" elapsed="0.000000"/>
</continue>
<status status="NOT RUN" start="2026-06-29T11:51:21.065456" elapsed="0.000000"/>
</branch>
<status status="PASS" start="2026-06-29T11:51:21.065456" elapsed="0.000000"/>
</if>
<if>
<branch type="IF" condition="$current_test_name == ''">
<kw name="Set Variable" owner="BuiltIn">
<var>${current_test_name}</var>
<arg>${line}</arg>
<doc>Returns the given values which can then be assigned to a variables.</doc>
<status status="NOT RUN" start="2026-06-29T11:51:21.065456" elapsed="0.000000"/>
</kw>
<kw name="Log To Console" owner="BuiltIn">
<arg>${current_test_name}</arg>
<doc>Logs the given message to the console.</doc>
<status status="NOT RUN" start="2026-06-29T11:51:21.065456" elapsed="0.000000"/>
</kw>
<status status="NOT RUN" start="2026-06-29T11:51:21.065456" elapsed="0.000000"/>
</branch>
<branch type="ELSE">
<kw name="Log To Console" owner="BuiltIn">
<arg>${line}</arg>
<doc>Logs the given message to the console.</doc>
<status status="PASS" start="2026-06-29T11:51:21.066455" elapsed="0.000000"/>
</kw>
<kw name="Set Variable" owner="BuiltIn">
<msg time="2026-06-29T11:51:21.066455" level="INFO">${current_test_name} = </msg>
<var>${current_test_name}</var>
<arg>${EMPTY}</arg>
<doc>Returns the given values which can then be assigned to a variables.</doc>
<status status="PASS" start="2026-06-29T11:51:21.066455" elapsed="0.000000"/>
</kw>
<status status="PASS" start="2026-06-29T11:51:21.066455" elapsed="0.000000"/>
</branch>
<status status="PASS" start="2026-06-29T11:51:21.065456" elapsed="0.000999"/>
</if>
<var name="${line}">Results file not found: results\output.xml: 1 != 0</var>
<status status="PASS" start="2026-06-29T11:51:21.064455" elapsed="0.002000"/>
</iter>
<iter>
<if>
<branch type="IF" condition="$line == 'ERROR_MESSAGES_START'">
<kw name="Set Variable" owner="BuiltIn">
<var>${capture}</var>
<arg>${True}</arg>
<doc>Returns the given values which can then be assigned to a variables.</doc>
<status status="NOT RUN" start="2026-06-29T11:51:21.067897" elapsed="0.000000"/>
</kw>
<continue>
<status status="NOT RUN" start="2026-06-29T11:51:21.067897" elapsed="0.000000"/>
</continue>
<status status="NOT RUN" start="2026-06-29T11:51:21.067897" elapsed="0.000000"/>
</branch>
<status status="PASS" start="2026-06-29T11:51:21.067897" elapsed="0.000000"/>
</if>
<if>
<branch type="IF" condition="$line == 'ERROR_MESSAGES_END'">
<break>
<status status="PASS" start="2026-06-29T11:51:21.067897" elapsed="0.000000"/>
</break>
<status status="PASS" start="2026-06-29T11:51:21.067897" elapsed="0.000000"/>
</branch>
<status status="PASS" start="2026-06-29T11:51:21.067897" elapsed="0.000000"/>
</if>
<if>
<branch type="IF" condition="not ${capture}">
<continue>
<status status="NOT RUN" start="2026-06-29T11:51:21.068895" elapsed="0.000000"/>
</continue>
<status status="NOT RUN" start="2026-06-29T11:51:21.067897" elapsed="0.000998"/>
</branch>
<status status="NOT RUN" start="2026-06-29T11:51:21.067897" elapsed="0.000998"/>
</if>
<if>
<branch type="IF" condition="$current_test_name == ''">
<kw name="Set Variable" owner="BuiltIn">
<var>${current_test_name}</var>
<arg>${line}</arg>
<doc>Returns the given values which can then be assigned to a variables.</doc>
<status status="NOT RUN" start="2026-06-29T11:51:21.068895" elapsed="0.000000"/>
</kw>
<kw name="Log To Console" owner="BuiltIn">
<arg>${current_test_name}</arg>
<doc>Logs the given message to the console.</doc>
<status status="NOT RUN" start="2026-06-29T11:51:21.068895" elapsed="0.000000"/>
</kw>
<status status="NOT RUN" start="2026-06-29T11:51:21.068895" elapsed="0.000000"/>
</branch>
<branch type="ELSE">
<kw name="Log To Console" owner="BuiltIn">
<arg>${line}</arg>
<doc>Logs the given message to the console.</doc>
<status status="NOT RUN" start="2026-06-29T11:51:21.068895" elapsed="0.000000"/>
</kw>
<kw name="Set Variable" owner="BuiltIn">
<var>${current_test_name}</var>
<arg>${EMPTY}</arg>
<doc>Returns the given values which can then be assigned to a variables.</doc>
<status status="NOT RUN" start="2026-06-29T11:51:21.068895" elapsed="0.000000"/>
</kw>
<status status="NOT RUN" start="2026-06-29T11:51:21.068895" elapsed="0.000000"/>
</branch>
<status status="NOT RUN" start="2026-06-29T11:51:21.068895" elapsed="0.000000"/>
</if>
<var name="${line}">ERROR_MESSAGES_END</var>
<status status="PASS" start="2026-06-29T11:51:21.067897" elapsed="0.000998"/>
</iter>
<var>${line}</var>
<value>@{summary_lines}</value>
<status status="PASS" start="2026-06-29T11:51:21.051449" elapsed="0.017446"/>
</for>
<if>
<branch type="IF" condition="$current_test_name != ''">
<kw name="Log To Console" owner="BuiltIn">
<arg>No failure reason captured.</arg>
<doc>Logs the given message to the console.</doc>
<status status="NOT RUN" start="2026-06-29T11:51:21.068895" elapsed="0.000000"/>
</kw>
<status status="NOT RUN" start="2026-06-29T11:51:21.068895" elapsed="0.000000"/>
</branch>
<status status="PASS" start="2026-06-29T11:51:21.068895" elapsed="0.000000"/>
</if>
<arg>@{summary_lines}</arg>
<status status="PASS" start="2026-06-29T11:51:21.049449" elapsed="0.020952"/>
</kw>
<tag>summary</tag>
<status status="PASS" start="2026-06-29T11:51:20.907248" elapsed="0.163153"/>
</test>
<status status="PASS" start="2026-06-29T11:51:20.851197" elapsed="0.220219"/>
</suite>
<statistics>
<total>
<stat pass="1" fail="0" skip="0">All Tests</stat>
</total>
<tag>
<stat pass="1" fail="0" skip="0">summary</stat>
</tag>
<suite>
<stat name="Results Summary" id="s1" pass="1" fail="0" skip="0">Results Summary</stat>
</suite>
</statistics>
<errors>
</errors>
</robot>
