<?xml version="1.0" encoding="UTF-8"?>
<robot generator="Robot 7.4.2 (Python 3.11.0 on win32)" generated="2026-06-18T13:23:42.059157" rpa="false" schemaversion="5">
<suite id="s1" name="Login Tests" source="D:\New folder\WashTab_Automation\tests\login_tests.robot">
<test id="s1-t1" name="AUT-WT-LOGIN01: Verify login page loads successfully" line="8">
<kw name="Open Login Page" owner="common_keywords" type="SETUP">
<kw name="Open Browser To Url" owner="common_keywords">
<kw name="Open Browser Session" owner="common_keywords">
<kw name="Open Browser" owner="SeleniumLibrary">
<msg time="2026-06-18T13:23:42.474183" level="INFO">Opening browser 'chrome' to base url 'about:blank'.</msg>
<arg>about:blank</arg>
<arg>${browser}</arg>
<doc>Opens a new browser instance to the optional ``url``.</doc>
<status status="PASS" start="2026-06-18T13:23:42.474183" elapsed="7.897392"/>
</kw>
<kw name="Maximize Browser Window" owner="SeleniumLibrary">
<doc>Maximizes current browser window.</doc>
<status status="PASS" start="2026-06-18T13:23:50.372577" elapsed="0.040836"/>
</kw>
<arg>${browser}</arg>
<doc>Opens a browser session on a blank page and maximizes the window.</doc>
<status status="PASS" start="2026-06-18T13:23:42.473185" elapsed="7.940228"/>
</kw>
<kw name="Go To Url" owner="common_keywords">
<kw name="Go To" owner="SeleniumLibrary">
<msg time="2026-06-18T13:23:50.415413" level="INFO">Opening url 'http://172.21.166.115/washtabui/login?data=undefined'</msg>
<arg>${url}</arg>
<doc>Navigates the current browser window to the provided ``url``.</doc>
<status status="PASS" start="2026-06-18T13:23:50.414414" elapsed="4.070819"/>
</kw>
<arg>${url}</arg>
<doc>Navigates the current browser session to the provided URL.</doc>
<status status="PASS" start="2026-06-18T13:23:50.413413" elapsed="4.072821"/>
</kw>
<arg>${url}</arg>
<arg>${browser}</arg>
<doc>Opens a browser session and navigates to the provided URL.</doc>
<status status="PASS" start="2026-06-18T13:23:42.473185" elapsed="12.013049"/>
</kw>
<arg>${LOGIN_PAGE_URL}</arg>
<doc>Opens the login page in a new browser session using the provided URL.</doc>
<status status="PASS" start="2026-06-18T13:23:42.473185" elapsed="12.013049"/>
</kw>
<kw name="Verify Login Page Loaded" owner="login_page">
<kw name="Wait For Element To Be Ready" owner="common_keywords">
<kw name="Wait Until Element Is Visible" owner="SeleniumLibrary">
<arg>${locator}</arg>
<arg>${timeout}</arg>
<doc>Waits until the element ``locator`` is visible.</doc>
<status status="PASS" start="2026-06-18T13:23:54.489229" elapsed="0.024179"/>
</kw>
<kw name="Wait Until Element Is Enabled" owner="SeleniumLibrary">
<arg>${locator}</arg>
<arg>${timeout}</arg>
<doc>Waits until the element ``locator`` is enabled.</doc>
<status status="PASS" start="2026-06-18T13:23:54.514409" elapsed="0.023998"/>
</kw>
<arg>${USER_NAME_TEXTBOX}</arg>
<doc>Waits until the provided locator is visible and enabled.</doc>
<status status="PASS" start="2026-06-18T13:23:54.488232" elapsed="0.050175"/>
</kw>
<kw name="Wait For Element To Be Ready" owner="common_keywords">
<kw name="Wait Until Element Is Visible" owner="SeleniumLibrary">
<arg>${locator}</arg>
<arg>${timeout}</arg>
<doc>Waits until the element ``locator`` is visible.</doc>
<status status="PASS" start="2026-06-18T13:23:54.539409" elapsed="0.014998"/>
</kw>
<kw name="Wait Until Element Is Enabled" owner="SeleniumLibrary">
<arg>${locator}</arg>
<arg>${timeout}</arg>
<doc>Waits until the element ``locator`` is enabled.</doc>
<status status="PASS" start="2026-06-18T13:23:54.555410" elapsed="0.015999"/>
</kw>
<arg>${PASSWORD_TEXTBOX}</arg>
<doc>Waits until the provided locator is visible and enabled.</doc>
<status status="PASS" start="2026-06-18T13:23:54.538407" elapsed="0.033002"/>
</kw>
<kw name="Wait For Element To Be Ready" owner="common_keywords">
<kw name="Wait Until Element Is Visible" owner="SeleniumLibrary">
<arg>${locator}</arg>
<arg>${timeout}</arg>
<doc>Waits until the element ``locator`` is visible.</doc>
<status status="PASS" start="2026-06-18T13:23:54.572413" elapsed="0.014996"/>
</kw>
<kw name="Wait Until Element Is Enabled" owner="SeleniumLibrary">
<arg>${locator}</arg>
<arg>${timeout}</arg>
<doc>Waits until the element ``locator`` is enabled.</doc>
<status status="PASS" start="2026-06-18T13:23:54.587409" elapsed="0.015009"/>
</kw>
<arg>${SIGN_IN_BUTTON}</arg>
<doc>Waits until the provided locator is visible and enabled.</doc>
<status status="PASS" start="2026-06-18T13:23:54.572413" elapsed="0.031005"/>
</kw>
<status status="PASS" start="2026-06-18T13:23:54.487256" elapsed="0.116162"/>
</kw>
<kw name="Close Browser Session" owner="common_keywords" type="TEARDOWN">
<kw name="Close All Browsers" owner="SeleniumLibrary">
<doc>Closes all open browsers and resets the browser cache.</doc>
<status status="PASS" start="2026-06-18T13:23:54.603418" elapsed="2.241371"/>
</kw>
<doc>Closes all open browser instances for the current execution.</doc>
<status status="PASS" start="2026-06-18T13:23:54.603418" elapsed="2.241371"/>
</kw>
<tag>positive</tag>
<tag>WT-LOGIN01</tag>
<status status="PASS" start="2026-06-18T13:23:42.472265" elapsed="14.372524"/>
</test>
<test id="s1-t2" name="AUT-WT-LOGIN02: Login with valid username and valid password" line="12">
<kw name="Open Login Page" owner="common_keywords" type="SETUP">
<kw name="Open Browser To Url" owner="common_keywords">
<kw name="Open Browser Session" owner="common_keywords">
<kw name="Open Browser" owner="SeleniumLibrary">
<msg time="2026-06-18T13:23:56.846864" level="INFO">Opening browser 'chrome' to base url 'about:blank'.</msg>
<arg>about:blank</arg>
<arg>${browser}</arg>
<doc>Opens a new browser instance to the optional ``url``.</doc>
<status status="PASS" start="2026-06-18T13:23:56.846864" elapsed="1.506474"/>
</kw>
<kw name="Maximize Browser Window" owner="SeleniumLibrary">
<doc>Maximizes current browser window.</doc>
<status status="PASS" start="2026-06-18T13:23:58.353338" elapsed="0.026667"/>
</kw>
<arg>${browser}</arg>
<doc>Opens a browser session on a blank page and maximizes the window.</doc>
<status status="PASS" start="2026-06-18T13:23:56.845854" elapsed="1.534151"/>
</kw>
<kw name="Go To Url" owner="common_keywords">
<kw name="Go To" owner="SeleniumLibrary">
<msg time="2026-06-18T13:23:58.381003" level="INFO">Opening url 'http://172.21.166.115/washtabui/login?data=undefined'</msg>
<arg>${url}</arg>
<doc>Navigates the current browser window to the provided ``url``.</doc>
<status status="PASS" start="2026-06-18T13:23:58.380005" elapsed="3.545577"/>
</kw>
<arg>${url}</arg>
<doc>Navigates the current browser session to the provided URL.</doc>
<status status="PASS" start="2026-06-18T13:23:58.380005" elapsed="3.545577"/>
</kw>
<arg>${url}</arg>
<arg>${browser}</arg>
<doc>Opens a browser session and navigates to the provided URL.</doc>
<status status="PASS" start="2026-06-18T13:23:56.845854" elapsed="5.080730"/>
</kw>
<arg>${LOGIN_PAGE_URL}</arg>
<doc>Opens the login page in a new browser session using the provided URL.</doc>
<status status="PASS" start="2026-06-18T13:23:56.845854" elapsed="5.080730"/>
</kw>
<kw name="Verify Login Page Loaded" owner="login_page">
<kw name="Wait For Element To Be Ready" owner="common_keywords">
<kw name="Wait Until Element Is Visible" owner="SeleniumLibrary">
<arg>${locator}</arg>
<arg>${timeout}</arg>
<doc>Waits until the element ``locator`` is visible.</doc>
<status status="PASS" start="2026-06-18T13:24:01.927587" elapsed="0.018997"/>
</kw>
<kw name="Wait Until Element Is Enabled" owner="SeleniumLibrary">
<arg>${locator}</arg>
<arg>${timeout}</arg>
<doc>Waits until the element ``locator`` is enabled.</doc>
<status status="PASS" start="2026-06-18T13:24:01.947582" elapsed="0.022004"/>
</kw>
<arg>${USER_NAME_TEXTBOX}</arg>
<doc>Waits until the provided locator is visible and enabled.</doc>
<status status="PASS" start="2026-06-18T13:24:01.926584" elapsed="0.043002"/>
</kw>
<kw name="Wait For Element To Be Ready" owner="common_keywords">
<kw name="Wait Until Element Is Visible" owner="SeleniumLibrary">
<arg>${locator}</arg>
<arg>${timeout}</arg>
<doc>Waits until the element ``locator`` is visible.</doc>
<status status="PASS" start="2026-06-18T13:24:01.969586" elapsed="0.016533"/>
</kw>
<kw name="Wait Until Element Is Enabled" owner="SeleniumLibrary">
<arg>${locator}</arg>
<arg>${timeout}</arg>
<doc>Waits until the element ``locator`` is enabled.</doc>
<status status="PASS" start="2026-06-18T13:24:01.986119" elapsed="0.017017"/>
</kw>
<arg>${PASSWORD_TEXTBOX}</arg>
<doc>Waits until the provided locator is visible and enabled.</doc>
<status status="PASS" start="2026-06-18T13:24:01.969586" elapsed="0.033550"/>
</kw>
<kw name="Wait For Element To Be Ready" owner="common_keywords">
<kw name="Wait Until Element Is Visible" owner="SeleniumLibrary">
<arg>${locator}</arg>
<arg>${timeout}</arg>
<doc>Waits until the element ``locator`` is visible.</doc>
<status status="PASS" start="2026-06-18T13:24:02.004138" elapsed="0.015508"/>
</kw>
<kw name="Wait Until Element Is Enabled" owner="SeleniumLibrary">
<arg>${locator}</arg>
<arg>${timeout}</arg>
<doc>Waits until the element ``locator`` is enabled.</doc>
<status status="PASS" start="2026-06-18T13:24:02.019646" elapsed="0.017000"/>
</kw>
<arg>${SIGN_IN_BUTTON}</arg>
<doc>Waits until the provided locator is visible and enabled.</doc>
<status status="PASS" start="2026-06-18T13:24:02.004138" elapsed="0.032508"/>
</kw>
<status status="PASS" start="2026-06-18T13:24:01.926584" elapsed="0.111065"/>
</kw>
<kw name="Enter Username" owner="login_page">
<kw name="Input Text When Ready" owner="common_keywords">
<kw name="Wait For Element To Be Ready" owner="common_keywords">
<kw name="Wait Until Element Is Visible" owner="SeleniumLibrary">
<arg>${locator}</arg>
<arg>${timeout}</arg>
<doc>Waits until the element ``locator`` is visible.</doc>
<status status="PASS" start="2026-06-18T13:24:02.038647" elapsed="0.014000"/>
</kw>
<kw name="Wait Until Element Is Enabled" owner="SeleniumLibrary">
<arg>${locator}</arg>
<arg>${timeout}</arg>
<doc>Waits until the element ``locator`` is enabled.</doc>
<status status="PASS" start="2026-06-18T13:24:02.052647" elapsed="0.016000"/>
</kw>
<arg>${locator}</arg>
<arg>${timeout}</arg>
<doc>Waits until the provided locator is visible and enabled.</doc>
<status status="PASS" start="2026-06-18T13:24:02.038647" elapsed="0.030000"/>
</kw>
<kw name="Input Text" owner="SeleniumLibrary">
<msg time="2026-06-18T13:24:02.069654" level="INFO">Typing text 'haklarr' into text field 'xpath=//input[@placeholder='User Name']'.</msg>
<arg>${locator}</arg>
<arg>${text}</arg>
<doc>Types the given ``text`` into the text field identified by ``locator``.</doc>
<status status="PASS" start="2026-06-18T13:24:02.069654" elapsed="0.075545"/>
</kw>
<arg>${USER_NAME_TEXTBOX}</arg>
<arg>${text}</arg>
<doc>Waits for an element and then inputs the provided text.</doc>
<status status="PASS" start="2026-06-18T13:24:02.037649" elapsed="0.107550"/>
</kw>
<arg>${VALID_USERNAME}</arg>
<status status="PASS" start="2026-06-18T13:24:02.037649" elapsed="0.107550"/>
</kw>
<kw name="Enter Password" owner="login_page">
<kw name="Input Text When Ready" owner="common_keywords">
<kw name="Wait For Element To Be Ready" owner="common_keywords">
<kw name="Wait Until Element Is Visible" owner="SeleniumLibrary">
<arg>${locator}</arg>
<arg>${timeout}</arg>
<doc>Waits until the element ``locator`` is visible.</doc>
<status status="PASS" start="2026-06-18T13:24:02.147218" elapsed="0.012074"/>
</kw>
<kw name="Wait Until Element Is Enabled" owner="SeleniumLibrary">
<arg>${locator}</arg>
<arg>${timeout}</arg>
<doc>Waits until the element ``locator`` is enabled.</doc>
<status status="PASS" start="2026-06-18T13:24:02.159292" elapsed="0.015380"/>
</kw>
<arg>${locator}</arg>
<arg>${timeout}</arg>
<doc>Waits until the provided locator is visible and enabled.</doc>
<status status="PASS" start="2026-06-18T13:24:02.146199" elapsed="0.028473"/>
</kw>
<kw name="Input Text" owner="SeleniumLibrary">
<msg time="2026-06-18T13:24:02.175671" level="INFO">Typing text 'Icstunnel1' into text field 'xpath=//input[@placeholder='Password']'.</msg>
<arg>${locator}</arg>
<arg>${text}</arg>
<doc>Types the given ``text`` into the text field identified by ``locator``.</doc>
<status status="PASS" start="2026-06-18T13:24:02.174672" elapsed="0.061251"/>
</kw>
<arg>${PASSWORD_TEXTBOX}</arg>
<arg>${text}</arg>
<doc>Waits for an element and then inputs the provided text.</doc>
<status status="PASS" start="2026-06-18T13:24:02.146199" elapsed="0.089724"/>
</kw>
<arg>${VALID_PASSWORD}</arg>
<status status="PASS" start="2026-06-18T13:24:02.146199" elapsed="0.090742"/>
</kw>
<kw name="Click Sign In Button" owner="login_page">
<kw name="Click When Ready" owner="common_keywords">
<kw name="Wait For Element To Be Ready" owner="common_keywords">
<kw name="Wait Until Element Is Visible" owner="SeleniumLibrary">
<arg>${locator}</arg>
<arg>${timeout}</arg>
<doc>Waits until the element ``locator`` is visible.</doc>
<status status="PASS" start="2026-06-18T13:24:02.237937" elapsed="0.009982"/>
</kw>
<kw name="Wait Until Element Is Enabled" owner="SeleniumLibrary">
<arg>${locator}</arg>
<arg>${timeout}</arg>
<doc>Waits until the element ``locator`` is enabled.</doc>
<status status="PASS" start="2026-06-18T13:24:02.247919" elapsed="0.013503"/>
</kw>
<arg>${locator}</arg>
<arg>${timeout}</arg>
<doc>Waits until the provided locator is visible and enabled.</doc>
<status status="PASS" start="2026-06-18T13:24:02.237937" elapsed="0.023485"/>
</kw>
<kw name="Click Element" owner="SeleniumLibrary">
<msg time="2026-06-18T13:24:02.261422" level="INFO">Clicking element 'xpath=//ion-button[normalize-space(.)='SIGN IN']'.</msg>
<arg>${locator}</arg>
<doc>Click the element identified by ``locator``.</doc>
<status status="PASS" start="2026-06-18T13:24:02.261422" elapsed="0.051055"/>
</kw>
<arg>${SIGN_IN_BUTTON}</arg>
<doc>Waits for an element and then clicks it.</doc>
<status status="PASS" start="2026-06-18T13:24:02.236941" elapsed="0.075536"/>
</kw>
<status status="PASS" start="2026-06-18T13:24:02.236941" elapsed="0.075536"/>
</kw>
<kw name="Close Browser Session" owner="common_keywords" type="TEARDOWN">
<kw name="Close All Browsers" owner="SeleniumLibrary">
<doc>Closes all open browsers and resets the browser cache.</doc>
<status status="PASS" start="2026-06-18T13:24:02.313479" elapsed="2.213325"/>
</kw>
<doc>Closes all open browser instances for the current execution.</doc>
<status status="PASS" start="2026-06-18T13:24:02.313479" elapsed="2.213325"/>
</kw>
<tag>positive</tag>
<tag>WT-LOGIN02</tag>
<status status="PASS" start="2026-06-18T13:23:56.844789" elapsed="7.682015"/>
</test>
<test id="s1-t3" name="AUT-WT-LOGIN03: Verify login failure with incorrect username and valid password" line="19">
<kw name="Open Login Page" owner="common_keywords" type="SETUP">
<kw name="Open Browser To Url" owner="common_keywords">
<kw name="Open Browser Session" owner="common_keywords">
<kw name="Open Browser" owner="SeleniumLibrary">
<msg time="2026-06-18T13:24:04.531886" level="INFO">Opening browser 'chrome' to base url 'about:blank'.</msg>
<arg>about:blank</arg>
<arg>${browser}</arg>
<doc>Opens a new browser instance to the optional ``url``.</doc>
<status status="PASS" start="2026-06-18T13:24:04.531886" elapsed="1.471660"/>
</kw>
<kw name="Maximize Browser Window" owner="SeleniumLibrary">
<doc>Maximizes current browser window.</doc>
<status status="PASS" start="2026-06-18T13:24:06.004545" elapsed="0.036571"/>
</kw>
<arg>${browser}</arg>
<doc>Opens a browser session on a blank page and maximizes the window.</doc>
<status status="PASS" start="2026-06-18T13:24:04.530898" elapsed="1.510218"/>
</kw>
<kw name="Go To Url" owner="common_keywords">
<kw name="Go To" owner="SeleniumLibrary">
<msg time="2026-06-18T13:24:06.042117" level="INFO">Opening url 'http://172.21.166.115/washtabui/login?data=undefined'</msg>
<arg>${url}</arg>
<doc>Navigates the current browser window to the provided ``url``.</doc>
<status status="PASS" start="2026-06-18T13:24:06.042117" elapsed="8.521150"/>
</kw>
<arg>${url}</arg>
<doc>Navigates the current browser session to the provided URL.</doc>
<status status="PASS" start="2026-06-18T13:24:06.041116" elapsed="8.523162"/>
</kw>
<arg>${url}</arg>
<arg>${browser}</arg>
<doc>Opens a browser session and navigates to the provided URL.</doc>
<status status="PASS" start="2026-06-18T13:24:04.530898" elapsed="10.033380"/>
</kw>
<arg>${LOGIN_PAGE_URL}</arg>
<doc>Opens the login page in a new browser session using the provided URL.</doc>
<status status="PASS" start="2026-06-18T13:24:04.529848" elapsed="10.035435"/>
</kw>
<kw name="Verify Login Page Loaded" owner="login_page">
<kw name="Wait For Element To Be Ready" owner="common_keywords">
<kw name="Wait Until Element Is Visible" owner="SeleniumLibrary">
<arg>${locator}</arg>
<arg>${timeout}</arg>
<doc>Waits until the element ``locator`` is visible.</doc>
<status status="PASS" start="2026-06-18T13:24:14.567268" elapsed="0.024138"/>
</kw>
<kw name="Wait Until Element Is Enabled" owner="SeleniumLibrary">
<arg>${locator}</arg>
<arg>${timeout}</arg>
<doc>Waits until the element ``locator`` is enabled.</doc>
<status status="PASS" start="2026-06-18T13:24:14.592445" elapsed="0.020083"/>
</kw>
<arg>${USER_NAME_TEXTBOX}</arg>
<doc>Waits until the provided locator is visible and enabled.</doc>
<status status="PASS" start="2026-06-18T13:24:14.566271" elapsed="0.047279"/>
</kw>
<kw name="Wait For Element To Be Ready" owner="common_keywords">
<kw name="Wait Until Element Is Visible" owner="SeleniumLibrary">
<arg>${locator}</arg>
<arg>${timeout}</arg>
<doc>Waits until the element ``locator`` is visible.</doc>
<status status="PASS" start="2026-06-18T13:24:14.613550" elapsed="0.015004"/>
</kw>
<kw name="Wait Until Element Is Enabled" owner="SeleniumLibrary">
<arg>${locator}</arg>
<arg>${timeout}</arg>
<doc>Waits until the element ``locator`` is enabled.</doc>
<status status="PASS" start="2026-06-18T13:24:14.628554" elapsed="0.014786"/>
</kw>
<arg>${PASSWORD_TEXTBOX}</arg>
<doc>Waits until the provided locator is visible and enabled.</doc>
<status status="PASS" start="2026-06-18T13:24:14.613550" elapsed="0.029790"/>
</kw>
<kw name="Wait For Element To Be Ready" owner="common_keywords">
<kw name="Wait Until Element Is Visible" owner="SeleniumLibrary">
<arg>${locator}</arg>
<arg>${timeout}</arg>
<doc>Waits until the element ``locator`` is visible.</doc>
<status status="PASS" start="2026-06-18T13:24:14.644354" elapsed="0.013967"/>
</kw>
<kw name="Wait Until Element Is Enabled" owner="SeleniumLibrary">
<arg>${locator}</arg>
<arg>${timeout}</arg>
<doc>Waits until the element ``locator`` is enabled.</doc>
<status status="PASS" start="2026-06-18T13:24:14.658321" elapsed="0.015065"/>
</kw>
<arg>${SIGN_IN_BUTTON}</arg>
<doc>Waits until the provided locator is visible and enabled.</doc>
<status status="PASS" start="2026-06-18T13:24:14.644354" elapsed="0.029032"/>
</kw>
<status status="PASS" start="2026-06-18T13:24:14.566271" elapsed="0.107115"/>
</kw>
<kw name="Enter Username" owner="login_page">
<kw name="Input Text When Ready" owner="common_keywords">
<kw name="Wait For Element To Be Ready" owner="common_keywords">
<kw name="Wait Until Element Is Visible" owner="SeleniumLibrary">
<arg>${locator}</arg>
<arg>${timeout}</arg>
<doc>Waits until the element ``locator`` is visible.</doc>
<status status="PASS" start="2026-06-18T13:24:14.674405" elapsed="0.012275"/>
</kw>
<kw name="Wait Until Element Is Enabled" owner="SeleniumLibrary">
<arg>${locator}</arg>
<arg>${timeout}</arg>
<doc>Waits until the element ``locator`` is enabled.</doc>
<status status="PASS" start="2026-06-18T13:24:14.687619" elapsed="0.014957"/>
</kw>
<arg>${locator}</arg>
<arg>${timeout}</arg>
<doc>Waits until the provided locator is visible and enabled.</doc>
<status status="PASS" start="2026-06-18T13:24:14.674405" elapsed="0.028171"/>
</kw>
<kw name="Input Text" owner="SeleniumLibrary">
<msg time="2026-06-18T13:24:14.702576" level="INFO">Typing text 'invaliduser' into text field 'xpath=//input[@placeholder='User Name']'.</msg>
<arg>${locator}</arg>
<arg>${text}</arg>
<doc>Types the given ``text`` into the text field identified by ``locator``.</doc>
<status status="PASS" start="2026-06-18T13:24:14.702576" elapsed="0.063369"/>
</kw>
<arg>${USER_NAME_TEXTBOX}</arg>
<arg>${text}</arg>
<doc>Waits for an element and then inputs the provided text.</doc>
<status status="PASS" start="2026-06-18T13:24:14.674405" elapsed="0.091540"/>
</kw>
<arg>${INVALID_USERNAME}</arg>
<status status="PASS" start="2026-06-18T13:24:14.673386" elapsed="0.092559"/>
</kw>
<kw name="Enter Password" owner="login_page">
<kw name="Input Text When Ready" owner="common_keywords">
<kw name="Wait For Element To Be Ready" owner="common_keywords">
<kw name="Wait Until Element Is Visible" owner="SeleniumLibrary">
<arg>${locator}</arg>
<arg>${timeout}</arg>
<doc>Waits until the element ``locator`` is visible.</doc>
<status status="PASS" start="2026-06-18T13:24:14.767935" elapsed="0.010786"/>
</kw>
<kw name="Wait Until Element Is Enabled" owner="SeleniumLibrary">
<arg>${locator}</arg>
<arg>${timeout}</arg>
<doc>Waits until the element ``locator`` is enabled.</doc>
<status status="PASS" start="2026-06-18T13:24:14.778721" elapsed="0.015513"/>
</kw>
<arg>${locator}</arg>
<arg>${timeout}</arg>
<doc>Waits until the provided locator is visible and enabled.</doc>
<status status="PASS" start="2026-06-18T13:24:14.766937" elapsed="0.027297"/>
</kw>
<kw name="Input Text" owner="SeleniumLibrary">
<msg time="2026-06-18T13:24:14.795255" level="INFO">Typing text 'Icstunnel1' into text field 'xpath=//input[@placeholder='Password']'.</msg>
<arg>${locator}</arg>
<arg>${text}</arg>
<doc>Types the given ``text`` into the text field identified by ``locator``.</doc>
<status status="PASS" start="2026-06-18T13:24:14.794234" elapsed="0.078528"/>
</kw>
<arg>${PASSWORD_TEXTBOX}</arg>
<arg>${text}</arg>
<doc>Waits for an element and then inputs the provided text.</doc>
<status status="PASS" start="2026-06-18T13:24:14.766937" elapsed="0.105825"/>
</kw>
<arg>${VALID_PASSWORD}</arg>
<status status="PASS" start="2026-06-18T13:24:14.766937" elapsed="0.105825"/>
</kw>
<kw name="Click Sign In Button" owner="login_page">
<kw name="Click When Ready" owner="common_keywords">
<kw name="Wait For Element To Be Ready" owner="common_keywords">
<kw name="Wait Until Element Is Visible" owner="SeleniumLibrary">
<arg>${locator}</arg>
<arg>${timeout}</arg>
<doc>Waits until the element ``locator`` is visible.</doc>
<status status="PASS" start="2026-06-18T13:24:14.873763" elapsed="0.013999"/>
</kw>
<kw name="Wait Until Element Is Enabled" owner="SeleniumLibrary">
<arg>${locator}</arg>
<arg>${timeout}</arg>
<doc>Waits until the element ``locator`` is enabled.</doc>
<status status="PASS" start="2026-06-18T13:24:14.887762" elapsed="0.016000"/>
</kw>
<arg>${locator}</arg>
<arg>${timeout}</arg>
<doc>Waits until the provided locator is visible and enabled.</doc>
<status status="PASS" start="2026-06-18T13:24:14.873763" elapsed="0.031001"/>
</kw>
<kw name="Click Element" owner="SeleniumLibrary">
<msg time="2026-06-18T13:24:14.904764" level="INFO">Clicking element 'xpath=//ion-button[normalize-space(.)='SIGN IN']'.</msg>
<arg>${locator}</arg>
<doc>Click the element identified by ``locator``.</doc>
<status status="PASS" start="2026-06-18T13:24:14.904764" elapsed="0.057045"/>
</kw>
<arg>${SIGN_IN_BUTTON}</arg>
<doc>Waits for an element and then clicks it.</doc>
<status status="PASS" start="2026-06-18T13:24:14.873763" elapsed="0.088046"/>
</kw>
<status status="PASS" start="2026-06-18T13:24:14.872762" elapsed="0.089047"/>
</kw>
<kw name="Verify Login Rejected" owner="login_page">
<kw name="Wait For Element To Be Ready" owner="common_keywords">
<kw name="Wait Until Element Is Visible" owner="SeleniumLibrary">
<arg>${locator}</arg>
<arg>${timeout}</arg>
<doc>Waits until the element ``locator`` is visible.</doc>
<status status="PASS" start="2026-06-18T13:24:14.962827" elapsed="0.011097"/>
</kw>
<kw name="Wait Until Element Is Enabled" owner="SeleniumLibrary">
<arg>${locator}</arg>
<arg>${timeout}</arg>
<doc>Waits until the element ``locator`` is enabled.</doc>
<status status="PASS" start="2026-06-18T13:24:14.974902" elapsed="0.015645"/>
</kw>
<arg>${USER_NAME_TEXTBOX}</arg>
<doc>Waits until the provided locator is visible and enabled.</doc>
<status status="PASS" start="2026-06-18T13:24:14.961809" elapsed="0.028738"/>
</kw>
<kw name="Wait For Element To Be Ready" owner="common_keywords">
<kw name="Wait Until Element Is Visible" owner="SeleniumLibrary">
<arg>${locator}</arg>
<arg>${timeout}</arg>
<doc>Waits until the element ``locator`` is visible.</doc>
<status status="PASS" start="2026-06-18T13:24:14.991551" elapsed="0.011002"/>
</kw>
<kw name="Wait Until Element Is Enabled" owner="SeleniumLibrary">
<arg>${locator}</arg>
<arg>${timeout}</arg>
<doc>Waits until the element ``locator`` is enabled.</doc>
<status status="PASS" start="2026-06-18T13:24:15.003554" elapsed="0.017520"/>
</kw>
<arg>${PASSWORD_TEXTBOX}</arg>
<doc>Waits until the provided locator is visible and enabled.</doc>
<status status="PASS" start="2026-06-18T13:24:14.990547" elapsed="0.030527"/>
</kw>
<kw name="Wait For Element To Be Ready" owner="common_keywords">
<kw name="Wait Until Element Is Visible" owner="SeleniumLibrary">
<arg>${locator}</arg>
<arg>${timeout}</arg>
<doc>Waits until the element ``locator`` is visible.</doc>
<status status="PASS" start="2026-06-18T13:24:15.022074" elapsed="0.013561"/>
</kw>
<kw name="Wait Until Element Is Enabled" owner="SeleniumLibrary">
<arg>${locator}</arg>
<arg>${timeout}</arg>
<doc>Waits until the element ``locator`` is enabled.</doc>
<status status="PASS" start="2026-06-18T13:24:15.035635" elapsed="0.022999"/>
</kw>
<arg>${SIGN_IN_BUTTON}</arg>
<doc>Waits until the provided locator is visible and enabled.</doc>
<status status="PASS" start="2026-06-18T13:24:15.021074" elapsed="0.037560"/>
</kw>
<status status="PASS" start="2026-06-18T13:24:14.961809" elapsed="0.096825"/>
</kw>
<kw name="Close Browser Session" owner="common_keywords" type="TEARDOWN">
<kw name="Close All Browsers" owner="SeleniumLibrary">
<doc>Closes all open browsers and resets the browser cache.</doc>
<status status="PASS" start="2026-06-18T13:24:15.059639" elapsed="2.197847"/>
</kw>
<doc>Closes all open browser instances for the current execution.</doc>
<status status="PASS" start="2026-06-18T13:24:15.059639" elapsed="2.197847"/>
</kw>
<tag>negative</tag>
<tag>WT-LOGIN03</tag>
<status status="PASS" start="2026-06-18T13:24:04.528802" elapsed="12.728684"/>
</test>
<test id="s1-t4" name="AUT-WT-LOGIN04: Verify login failure with valid username and incorrect password" line="27">
<kw name="Open Login Page" owner="common_keywords" type="SETUP">
<kw name="Open Browser To Url" owner="common_keywords">
<kw name="Open Browser Session" owner="common_keywords">
<kw name="Open Browser" owner="SeleniumLibrary">
<msg time="2026-06-18T13:24:17.260488" level="INFO">Opening browser 'chrome' to base url 'about:blank'.</msg>
<arg>about:blank</arg>
<arg>${browser}</arg>
<doc>Opens a new browser instance to the optional ``url``.</doc>
<status status="PASS" start="2026-06-18T13:24:17.259488" elapsed="1.487026"/>
</kw>
<kw name="Maximize Browser Window" owner="SeleniumLibrary">
<doc>Maximizes current browser window.</doc>
<status status="PASS" start="2026-06-18T13:24:18.746514" elapsed="0.033800"/>
</kw>
<arg>${browser}</arg>
<doc>Opens a browser session on a blank page and maximizes the window.</doc>
<status status="PASS" start="2026-06-18T13:24:17.259488" elapsed="1.520826"/>
</kw>
<kw name="Go To Url" owner="common_keywords">
<kw name="Go To" owner="SeleniumLibrary">
<msg time="2026-06-18T13:24:18.781315" level="INFO">Opening url 'http://172.21.166.115/washtabui/login?data=undefined'</msg>
<arg>${url}</arg>
<doc>Navigates the current browser window to the provided ``url``.</doc>
<status status="PASS" start="2026-06-18T13:24:18.781315" elapsed="3.742618"/>
</kw>
<arg>${url}</arg>
<doc>Navigates the current browser session to the provided URL.</doc>
<status status="PASS" start="2026-06-18T13:24:18.780314" elapsed="3.743619"/>
</kw>
<arg>${url}</arg>
<arg>${browser}</arg>
<doc>Opens a browser session and navigates to the provided URL.</doc>
<status status="PASS" start="2026-06-18T13:24:17.259488" elapsed="5.265825"/>
</kw>
<arg>${LOGIN_PAGE_URL}</arg>
<doc>Opens the login page in a new browser session using the provided URL.</doc>
<status status="PASS" start="2026-06-18T13:24:17.258488" elapsed="5.266825"/>
</kw>
<kw name="Verify Login Page Loaded" owner="login_page">
<kw name="Wait For Element To Be Ready" owner="common_keywords">
<kw name="Wait Until Element Is Visible" owner="SeleniumLibrary">
<arg>${locator}</arg>
<arg>${timeout}</arg>
<doc>Waits until the element ``locator`` is visible.</doc>
<status status="PASS" start="2026-06-18T13:24:22.525313" elapsed="0.027144"/>
</kw>
<kw name="Wait Until Element Is Enabled" owner="SeleniumLibrary">
<arg>${locator}</arg>
<arg>${timeout}</arg>
<doc>Waits until the element ``locator`` is enabled.</doc>
<status status="PASS" start="2026-06-18T13:24:22.552457" elapsed="0.021520"/>
</kw>
<arg>${USER_NAME_TEXTBOX}</arg>
<doc>Waits until the provided locator is visible and enabled.</doc>
<status status="PASS" start="2026-06-18T13:24:22.525313" elapsed="0.048664"/>
</kw>
<kw name="Wait For Element To Be Ready" owner="common_keywords">
<kw name="Wait Until Element Is Visible" owner="SeleniumLibrary">
<arg>${locator}</arg>
<arg>${timeout}</arg>
<doc>Waits until the element ``locator`` is visible.</doc>
<status status="PASS" start="2026-06-18T13:24:22.574977" elapsed="0.017335"/>
</kw>
<kw name="Wait Until Element Is Enabled" owner="SeleniumLibrary">
<arg>${locator}</arg>
<arg>${timeout}</arg>
<doc>Waits until the element ``locator`` is enabled.</doc>
<status status="PASS" start="2026-06-18T13:24:22.593310" elapsed="0.017003"/>
</kw>
<arg>${PASSWORD_TEXTBOX}</arg>
<doc>Waits until the provided locator is visible and enabled.</doc>
<status status="PASS" start="2026-06-18T13:24:22.574977" elapsed="0.035336"/>
</kw>
<kw name="Wait For Element To Be Ready" owner="common_keywords">
<kw name="Wait Until Element Is Visible" owner="SeleniumLibrary">
<arg>${locator}</arg>
<arg>${timeout}</arg>
<doc>Waits until the element ``locator`` is visible.</doc>
<status status="PASS" start="2026-06-18T13:24:22.611315" elapsed="0.018006"/>
</kw>
<kw name="Wait Until Element Is Enabled" owner="SeleniumLibrary">
<arg>${locator}</arg>
<arg>${timeout}</arg>
<doc>Waits until the element ``locator`` is enabled.</doc>
<status status="PASS" start="2026-06-18T13:24:22.629321" elapsed="0.019520"/>
</kw>
<arg>${SIGN_IN_BUTTON}</arg>
<doc>Waits until the provided locator is visible and enabled.</doc>
<status status="PASS" start="2026-06-18T13:24:22.611315" elapsed="0.037526"/>
</kw>
<status status="PASS" start="2026-06-18T13:24:22.525313" elapsed="0.123528"/>
</kw>
<kw name="Enter Username" owner="login_page">
<kw name="Input Text When Ready" owner="common_keywords">
<kw name="Wait For Element To Be Ready" owner="common_keywords">
<kw name="Wait Until Element Is Visible" owner="SeleniumLibrary">
<arg>${locator}</arg>
<arg>${timeout}</arg>
<doc>Waits until the element ``locator`` is visible.</doc>
<status status="PASS" start="2026-06-18T13:24:22.651842" elapsed="0.011998"/>
</kw>
<kw name="Wait Until Element Is Enabled" owner="SeleniumLibrary">
<arg>${locator}</arg>
<arg>${timeout}</arg>
<doc>Waits until the element ``locator`` is enabled.</doc>
<status status="PASS" start="2026-06-18T13:24:22.664841" elapsed="0.021097"/>
</kw>
<arg>${locator}</arg>
<arg>${timeout}</arg>
<doc>Waits until the provided locator is visible and enabled.</doc>
<status status="PASS" start="2026-06-18T13:24:22.650856" elapsed="0.035082"/>
</kw>
<kw name="Input Text" owner="SeleniumLibrary">
<msg time="2026-06-18T13:24:22.686939" level="INFO">Typing text 'haklarr' into text field 'xpath=//input[@placeholder='User Name']'.</msg>
<arg>${locator}</arg>
<arg>${text}</arg>
<doc>Types the given ``text`` into the text field identified by ``locator``.</doc>
<status status="PASS" start="2026-06-18T13:24:22.685938" elapsed="0.108359"/>
</kw>
<arg>${USER_NAME_TEXTBOX}</arg>
<arg>${text}</arg>
<doc>Waits for an element and then inputs the provided text.</doc>
<status status="PASS" start="2026-06-18T13:24:22.649841" elapsed="0.144456"/>
</kw>
<arg>${VALID_USERNAME}</arg>
<status status="PASS" start="2026-06-18T13:24:22.648841" elapsed="0.146455"/>
</kw>
<kw name="Enter Password" owner="login_page">
<kw name="Input Text When Ready" owner="common_keywords">
<kw name="Wait For Element To Be Ready" owner="common_keywords">
<kw name="Wait Until Element Is Visible" owner="SeleniumLibrary">
<arg>${locator}</arg>
<arg>${timeout}</arg>
<doc>Waits until the element ``locator`` is visible.</doc>
<status status="PASS" start="2026-06-18T13:24:22.797300" elapsed="0.019519"/>
</kw>
<kw name="Wait Until Element Is Enabled" owner="SeleniumLibrary">
<arg>${locator}</arg>
<arg>${timeout}</arg>
<doc>Waits until the element ``locator`` is enabled.</doc>
<status status="PASS" start="2026-06-18T13:24:22.816819" elapsed="0.024002"/>
</kw>
<arg>${locator}</arg>
<arg>${timeout}</arg>
<doc>Waits until the provided locator is visible and enabled.</doc>
<status status="PASS" start="2026-06-18T13:24:22.796301" elapsed="0.044520"/>
</kw>
<kw name="Input Text" owner="SeleniumLibrary">
<msg time="2026-06-18T13:24:22.841821" level="INFO">Typing text 'WrongPass123' into text field 'xpath=//input[@placeholder='Password']'.</msg>
<arg>${locator}</arg>
<arg>${text}</arg>
<doc>Types the given ``text`` into the text field identified by ``locator``.</doc>
<status status="PASS" start="2026-06-18T13:24:22.841821" elapsed="0.104403"/>
</kw>
<arg>${PASSWORD_TEXTBOX}</arg>
<arg>${text}</arg>
<doc>Waits for an element and then inputs the provided text.</doc>
<status status="PASS" start="2026-06-18T13:24:22.796301" elapsed="0.149923"/>
</kw>
<arg>${INVALID_PASSWORD}</arg>
<status status="PASS" start="2026-06-18T13:24:22.795296" elapsed="0.150928"/>
</kw>
<kw name="Click Sign In Button" owner="login_page">
<kw name="Click When Ready" owner="common_keywords">
<kw name="Wait For Element To Be Ready" owner="common_keywords">
<kw name="Wait Until Element Is Visible" owner="SeleniumLibrary">
<arg>${locator}</arg>
<arg>${timeout}</arg>
<doc>Waits until the element ``locator`` is visible.</doc>
<status status="PASS" start="2026-06-18T13:24:22.948223" elapsed="0.017125"/>
</kw>
<kw name="Wait Until Element Is Enabled" owner="SeleniumLibrary">
<arg>${locator}</arg>
<arg>${timeout}</arg>
<doc>Waits until the element ``locator`` is enabled.</doc>
<status status="PASS" start="2026-06-18T13:24:22.966348" elapsed="0.023521"/>
</kw>
<arg>${locator}</arg>
<arg>${timeout}</arg>
<doc>Waits until the provided locator is visible and enabled.</doc>
<status status="PASS" start="2026-06-18T13:24:22.947223" elapsed="0.042646"/>
</kw>
<kw name="Click Element" owner="SeleniumLibrary">
<msg time="2026-06-18T13:24:22.990869" level="INFO">Clicking element 'xpath=//ion-button[normalize-space(.)='SIGN IN']'.</msg>
<arg>${locator}</arg>
<doc>Click the element identified by ``locator``.</doc>
<status status="PASS" start="2026-06-18T13:24:22.990869" elapsed="0.086256"/>
</kw>
<arg>${SIGN_IN_BUTTON}</arg>
<doc>Waits for an element and then clicks it.</doc>
<status status="PASS" start="2026-06-18T13:24:22.947223" elapsed="0.129902"/>
</kw>
<status status="PASS" start="2026-06-18T13:24:22.946224" elapsed="0.130901"/>
</kw>
<kw name="Verify Login Rejected" owner="login_page">
<kw name="Wait For Element To Be Ready" owner="common_keywords">
<kw name="Wait Until Element Is Visible" owner="SeleniumLibrary">
<arg>${locator}</arg>
<arg>${timeout}</arg>
<doc>Waits until the element ``locator`` is visible.</doc>
<status status="PASS" start="2026-06-18T13:24:23.079124" elapsed="0.023214"/>
</kw>
<kw name="Wait Until Element Is Enabled" owner="SeleniumLibrary">
<arg>${locator}</arg>
<arg>${timeout}</arg>
<doc>Waits until the element ``locator`` is enabled.</doc>
<status status="PASS" start="2026-06-18T13:24:23.103355" elapsed="0.028000"/>
</kw>
<arg>${USER_NAME_TEXTBOX}</arg>
<doc>Waits until the provided locator is visible and enabled.</doc>
<status status="PASS" start="2026-06-18T13:24:23.078124" elapsed="0.053231"/>
</kw>
<kw name="Wait For Element To Be Ready" owner="common_keywords">
<kw name="Wait Until Element Is Visible" owner="SeleniumLibrary">
<arg>${locator}</arg>
<arg>${timeout}</arg>
<doc>Waits until the element ``locator`` is visible.</doc>
<status status="PASS" start="2026-06-18T13:24:23.132356" elapsed="0.016514"/>
</kw>
<kw name="Wait Until Element Is Enabled" owner="SeleniumLibrary">
<arg>${locator}</arg>
<arg>${timeout}</arg>
<doc>Waits until the element ``locator`` is enabled.</doc>
<status status="PASS" start="2026-06-18T13:24:23.149871" elapsed="0.026492"/>
</kw>
<arg>${PASSWORD_TEXTBOX}</arg>
<doc>Waits until the provided locator is visible and enabled.</doc>
<status status="PASS" start="2026-06-18T13:24:23.131355" elapsed="0.045008"/>
</kw>
<kw name="Wait For Element To Be Ready" owner="common_keywords">
<kw name="Wait Until Element Is Visible" owner="SeleniumLibrary">
<arg>${locator}</arg>
<arg>${timeout}</arg>
<doc>Waits until the element ``locator`` is visible.</doc>
<status status="PASS" start="2026-06-18T13:24:23.177360" elapsed="0.024340"/>
</kw>
<kw name="Wait Until Element Is Enabled" owner="SeleniumLibrary">
<arg>${locator}</arg>
<arg>${timeout}</arg>
<doc>Waits until the element ``locator`` is enabled.</doc>
<status status="PASS" start="2026-06-18T13:24:23.202731" elapsed="0.030978"/>
</kw>
<arg>${SIGN_IN_BUTTON}</arg>
<doc>Waits until the provided locator is visible and enabled.</doc>
<status status="PASS" start="2026-06-18T13:24:23.177360" elapsed="0.057360"/>
</kw>
<status status="PASS" start="2026-06-18T13:24:23.077125" elapsed="0.157595"/>
</kw>
<kw name="Close Browser Session" owner="common_keywords" type="TEARDOWN">
<kw name="Close All Browsers" owner="SeleniumLibrary">
<doc>Closes all open browsers and resets the browser cache.</doc>
<status status="PASS" start="2026-06-18T13:24:23.235716" elapsed="2.302567"/>
</kw>
<doc>Closes all open browser instances for the current execution.</doc>
<status status="PASS" start="2026-06-18T13:24:23.234720" elapsed="2.304615"/>
</kw>
<tag>negative</tag>
<tag>WT-LOGIN04</tag>
<status status="PASS" start="2026-06-18T13:24:17.258488" elapsed="8.280847"/>
</test>
<test id="s1-t5" name="AUT-WT-LOGIN05: Verify login failure with both username and password incorrect" line="35">
<kw name="Open Login Page" owner="common_keywords" type="SETUP">
<kw name="Open Browser To Url" owner="common_keywords">
<kw name="Open Browser Session" owner="common_keywords">
<kw name="Open Browser" owner="SeleniumLibrary">
<msg time="2026-06-18T13:24:25.544408" level="INFO">Opening browser 'chrome' to base url 'about:blank'.</msg>
<arg>about:blank</arg>
<arg>${browser}</arg>
<doc>Opens a new browser instance to the optional ``url``.</doc>
<status status="PASS" start="2026-06-18T13:24:25.543393" elapsed="1.959337"/>
</kw>
<kw name="Maximize Browser Window" owner="SeleniumLibrary">
<doc>Maximizes current browser window.</doc>
<status status="PASS" start="2026-06-18T13:24:27.503730" elapsed="0.053359"/>
</kw>
<arg>${browser}</arg>
<doc>Opens a browser session on a blank page and maximizes the window.</doc>
<status status="PASS" start="2026-06-18T13:24:25.543393" elapsed="2.014694"/>
</kw>
<kw name="Go To Url" owner="common_keywords">
<kw name="Go To" owner="SeleniumLibrary">
<msg time="2026-06-18T13:24:27.559089" level="INFO">Opening url 'http://172.21.166.115/washtabui/login?data=undefined'</msg>
<arg>${url}</arg>
<doc>Navigates the current browser window to the provided ``url``.</doc>
<status status="PASS" start="2026-06-18T13:24:27.559089" elapsed="3.461254"/>
</kw>
<arg>${url}</arg>
<doc>Navigates the current browser session to the provided URL.</doc>
<status status="PASS" start="2026-06-18T13:24:27.558087" elapsed="3.463259"/>
</kw>
<arg>${url}</arg>
<arg>${browser}</arg>
<doc>Opens a browser session and navigates to the provided URL.</doc>
<status status="PASS" start="2026-06-18T13:24:25.542387" elapsed="5.478959"/>
</kw>
<arg>${LOGIN_PAGE_URL}</arg>
<doc>Opens the login page in a new browser session using the provided URL.</doc>
<status status="PASS" start="2026-06-18T13:24:25.541304" elapsed="5.480042"/>
</kw>
<kw name="Verify Login Page Loaded" owner="login_page">
<kw name="Wait For Element To Be Ready" owner="common_keywords">
<kw name="Wait Until Element Is Visible" owner="SeleniumLibrary">
<arg>${locator}</arg>
<arg>${timeout}</arg>
<doc>Waits until the element ``locator`` is visible.</doc>
<status status="PASS" start="2026-06-18T13:24:31.023342" elapsed="0.019522"/>
</kw>
<kw name="Wait Until Element Is Enabled" owner="SeleniumLibrary">
<arg>${locator}</arg>
<arg>${timeout}</arg>
<doc>Waits until the element ``locator`` is enabled.</doc>
<status status="PASS" start="2026-06-18T13:24:31.042864" elapsed="0.020562"/>
</kw>
<arg>${USER_NAME_TEXTBOX}</arg>
<doc>Waits until the provided locator is visible and enabled.</doc>
<status status="PASS" start="2026-06-18T13:24:31.022352" elapsed="0.041074"/>
</kw>
<kw name="Wait For Element To Be Ready" owner="common_keywords">
<kw name="Wait Until Element Is Visible" owner="SeleniumLibrary">
<arg>${locator}</arg>
<arg>${timeout}</arg>
<doc>Waits until the element ``locator`` is visible.</doc>
<status status="PASS" start="2026-06-18T13:24:31.063426" elapsed="0.017001"/>
</kw>
<kw name="Wait Until Element Is Enabled" owner="SeleniumLibrary">
<arg>${locator}</arg>
<arg>${timeout}</arg>
<doc>Waits until the element ``locator`` is enabled.</doc>
<status status="PASS" start="2026-06-18T13:24:31.081430" elapsed="0.016996"/>
</kw>
<arg>${PASSWORD_TEXTBOX}</arg>
<doc>Waits until the provided locator is visible and enabled.</doc>
<status status="PASS" start="2026-06-18T13:24:31.063426" elapsed="0.036002"/>
</kw>
<kw name="Wait For Element To Be Ready" owner="common_keywords">
<kw name="Wait Until Element Is Visible" owner="SeleniumLibrary">
<arg>${locator}</arg>
<arg>${timeout}</arg>
<doc>Waits until the element ``locator`` is visible.</doc>
<status status="PASS" start="2026-06-18T13:24:31.100446" elapsed="0.016993"/>
</kw>
<kw name="Wait Until Element Is Enabled" owner="SeleniumLibrary">
<arg>${locator}</arg>
<arg>${timeout}</arg>
<doc>Waits until the element ``locator`` is enabled.</doc>
<status status="PASS" start="2026-06-18T13:24:31.117439" elapsed="0.017993"/>
</kw>
<arg>${SIGN_IN_BUTTON}</arg>
<doc>Waits until the provided locator is visible and enabled.</doc>
<status status="PASS" start="2026-06-18T13:24:31.099428" elapsed="0.036004"/>
</kw>
<status status="PASS" start="2026-06-18T13:24:31.021346" elapsed="0.115086"/>
</kw>
<kw name="Enter Username" owner="login_page">
<kw name="Input Text When Ready" owner="common_keywords">
<kw name="Wait For Element To Be Ready" owner="common_keywords">
<kw name="Wait Until Element Is Visible" owner="SeleniumLibrary">
<arg>${locator}</arg>
<arg>${timeout}</arg>
<doc>Waits until the element ``locator`` is visible.</doc>
<status status="PASS" start="2026-06-18T13:24:31.137432" elapsed="0.013636"/>
</kw>
<kw name="Wait Until Element Is Enabled" owner="SeleniumLibrary">
<arg>${locator}</arg>
<arg>${timeout}</arg>
<doc>Waits until the element ``locator`` is enabled.</doc>
<status status="PASS" start="2026-06-18T13:24:31.152068" elapsed="0.018005"/>
</kw>
<arg>${locator}</arg>
<arg>${timeout}</arg>
<doc>Waits until the provided locator is visible and enabled.</doc>
<status status="PASS" start="2026-06-18T13:24:31.137432" elapsed="0.032641"/>
</kw>
<kw name="Input Text" owner="SeleniumLibrary">
<msg time="2026-06-18T13:24:31.171073" level="INFO">Typing text 'invaliduser' into text field 'xpath=//input[@placeholder='User Name']'.</msg>
<arg>${locator}</arg>
<arg>${text}</arg>
<doc>Types the given ``text`` into the text field identified by ``locator``.</doc>
<status status="PASS" start="2026-06-18T13:24:31.171073" elapsed="0.076524"/>
</kw>
<arg>${USER_NAME_TEXTBOX}</arg>
<arg>${text}</arg>
<doc>Waits for an element and then inputs the provided text.</doc>
<status status="PASS" start="2026-06-18T13:24:31.136432" elapsed="0.111165"/>
</kw>
<arg>${INVALID_USERNAME}</arg>
<status status="PASS" start="2026-06-18T13:24:31.136432" elapsed="0.111165"/>
</kw>
<kw name="Enter Password" owner="login_page">
<kw name="Input Text When Ready" owner="common_keywords">
<kw name="Wait For Element To Be Ready" owner="common_keywords">
<kw name="Wait Until Element Is Visible" owner="SeleniumLibrary">
<arg>${locator}</arg>
<arg>${timeout}</arg>
<doc>Waits until the element ``locator`` is visible.</doc>
<status status="PASS" start="2026-06-18T13:24:31.248598" elapsed="0.013736"/>
</kw>
<kw name="Wait Until Element Is Enabled" owner="SeleniumLibrary">
<arg>${locator}</arg>
<arg>${timeout}</arg>
<doc>Waits until the element ``locator`` is enabled.</doc>
<status status="PASS" start="2026-06-18T13:24:31.262334" elapsed="0.016000"/>
</kw>
<arg>${locator}</arg>
<arg>${timeout}</arg>
<doc>Waits until the provided locator is visible and enabled.</doc>
<status status="PASS" start="2026-06-18T13:24:31.248598" elapsed="0.029736"/>
</kw>
<kw name="Input Text" owner="SeleniumLibrary">
<msg time="2026-06-18T13:24:31.279335" level="INFO">Typing text 'WrongPass123' into text field 'xpath=//input[@placeholder='Password']'.</msg>
<arg>${locator}</arg>
<arg>${text}</arg>
<doc>Types the given ``text`` into the text field identified by ``locator``.</doc>
<status status="PASS" start="2026-06-18T13:24:31.278334" elapsed="0.075482"/>
</kw>
<arg>${PASSWORD_TEXTBOX}</arg>
<arg>${text}</arg>
<doc>Waits for an element and then inputs the provided text.</doc>
<status status="PASS" start="2026-06-18T13:24:31.248598" elapsed="0.105218"/>
</kw>
<arg>${INVALID_PASSWORD}</arg>
<status status="PASS" start="2026-06-18T13:24:31.247597" elapsed="0.106219"/>
</kw>
<kw name="Click Sign In Button" owner="login_page">
<kw name="Click When Ready" owner="common_keywords">
<kw name="Wait For Element To Be Ready" owner="common_keywords">
<kw name="Wait Until Element Is Visible" owner="SeleniumLibrary">
<arg>${locator}</arg>
<arg>${timeout}</arg>
<doc>Waits until the element ``locator`` is visible.</doc>
<status status="PASS" start="2026-06-18T13:24:31.354804" elapsed="0.012697"/>
</kw>
<kw name="Wait Until Element Is Enabled" owner="SeleniumLibrary">
<arg>${locator}</arg>
<arg>${timeout}</arg>
<doc>Waits until the element ``locator`` is enabled.</doc>
<status status="PASS" start="2026-06-18T13:24:31.367501" elapsed="0.018996"/>
</kw>
<arg>${locator}</arg>
<arg>${timeout}</arg>
<doc>Waits until the provided locator is visible and enabled.</doc>
<status status="PASS" start="2026-06-18T13:24:31.354804" elapsed="0.031693"/>
</kw>
<kw name="Click Element" owner="SeleniumLibrary">
<msg time="2026-06-18T13:24:31.387497" level="INFO">Clicking element 'xpath=//ion-button[normalize-space(.)='SIGN IN']'.</msg>
<arg>${locator}</arg>
<doc>Click the element identified by ``locator``.</doc>
<status status="PASS" start="2026-06-18T13:24:31.386497" elapsed="0.058882"/>
</kw>
<arg>${SIGN_IN_BUTTON}</arg>
<doc>Waits for an element and then clicks it.</doc>
<status status="PASS" start="2026-06-18T13:24:31.354804" elapsed="0.090575"/>
</kw>
<status status="PASS" start="2026-06-18T13:24:31.353816" elapsed="0.091563"/>
</kw>
<kw name="Verify Login Rejected" owner="login_page">
<kw name="Wait For Element To Be Ready" owner="common_keywords">
<kw name="Wait Until Element Is Visible" owner="SeleniumLibrary">
<arg>${locator}</arg>
<arg>${timeout}</arg>
<doc>Waits until the element ``locator`` is visible.</doc>
<status status="PASS" start="2026-06-18T13:24:31.446379" elapsed="0.015016"/>
</kw>
<kw name="Wait Until Element Is Enabled" owner="SeleniumLibrary">
<arg>${locator}</arg>
<arg>${timeout}</arg>
<doc>Waits until the element ``locator`` is enabled.</doc>
<status status="PASS" start="2026-06-18T13:24:31.462402" elapsed="0.017007"/>
</kw>
<arg>${USER_NAME_TEXTBOX}</arg>
<doc>Waits until the provided locator is visible and enabled.</doc>
<status status="PASS" start="2026-06-18T13:24:31.446379" elapsed="0.033030"/>
</kw>
<kw name="Wait For Element To Be Ready" owner="common_keywords">
<kw name="Wait Until Element Is Visible" owner="SeleniumLibrary">
<arg>${locator}</arg>
<arg>${timeout}</arg>
<doc>Waits until the element ``locator`` is visible.</doc>
<status status="PASS" start="2026-06-18T13:24:31.480409" elapsed="0.015516"/>
</kw>
<kw name="Wait Until Element Is Enabled" owner="SeleniumLibrary">
<arg>${locator}</arg>
<arg>${timeout}</arg>
<doc>Waits until the element ``locator`` is enabled.</doc>
<status status="PASS" start="2026-06-18T13:24:31.495925" elapsed="0.030000"/>
</kw>
<arg>${PASSWORD_TEXTBOX}</arg>
<doc>Waits until the provided locator is visible and enabled.</doc>
<status status="PASS" start="2026-06-18T13:24:31.479409" elapsed="0.046516"/>
</kw>
<kw name="Wait For Element To Be Ready" owner="common_keywords">
<kw name="Wait Until Element Is Visible" owner="SeleniumLibrary">
<arg>${locator}</arg>
<arg>${timeout}</arg>
<doc>Waits until the element ``locator`` is visible.</doc>
<status status="PASS" start="2026-06-18T13:24:31.526932" elapsed="0.025522"/>
</kw>
<kw name="Wait Until Element Is Enabled" owner="SeleniumLibrary">
<arg>${locator}</arg>
<arg>${timeout}</arg>
<doc>Waits until the element ``locator`` is enabled.</doc>
<status status="PASS" start="2026-06-18T13:24:31.552454" elapsed="0.022005"/>
</kw>
<arg>${SIGN_IN_BUTTON}</arg>
<doc>Waits until the provided locator is visible and enabled.</doc>
<status status="PASS" start="2026-06-18T13:24:31.525925" elapsed="0.048534"/>
</kw>
<status status="PASS" start="2026-06-18T13:24:31.445379" elapsed="0.129080"/>
</kw>
<kw name="Close Browser Session" owner="common_keywords" type="TEARDOWN">
<kw name="Close All Browsers" owner="SeleniumLibrary">
<doc>Closes all open browsers and resets the browser cache.</doc>
<status status="PASS" start="2026-06-18T13:24:31.575460" elapsed="2.273565"/>
</kw>
<doc>Closes all open browser instances for the current execution.</doc>
<status status="PASS" start="2026-06-18T13:24:31.574459" elapsed="2.275478"/>
</kw>
<tag>negative</tag>
<tag>WT-LOGIN05</tag>
<status status="PASS" start="2026-06-18T13:24:25.540315" elapsed="8.309622"/>
</test>
<test id="s1-t6" name="AUT-WT-LOGIN06: Verify login failure when username and password fields are blank" line="43">
<kw name="Open Login Page" owner="common_keywords" type="SETUP">
<kw name="Open Browser To Url" owner="common_keywords">
<kw name="Open Browser Session" owner="common_keywords">
<kw name="Open Browser" owner="SeleniumLibrary">
<msg time="2026-06-18T13:24:33.854567" level="INFO">Opening browser 'chrome' to base url 'about:blank'.</msg>
<arg>about:blank</arg>
<arg>${browser}</arg>
<doc>Opens a new browser instance to the optional ``url``.</doc>
<status status="PASS" start="2026-06-18T13:24:33.854567" elapsed="1.532364"/>
</kw>
<kw name="Maximize Browser Window" owner="SeleniumLibrary">
<doc>Maximizes current browser window.</doc>
<status status="PASS" start="2026-06-18T13:24:35.387931" elapsed="0.032524"/>
</kw>
<arg>${browser}</arg>
<doc>Opens a browser session on a blank page and maximizes the window.</doc>
<status status="PASS" start="2026-06-18T13:24:33.852975" elapsed="1.567480"/>
</kw>
<kw name="Go To Url" owner="common_keywords">
<kw name="Go To" owner="SeleniumLibrary">
<msg time="2026-06-18T13:24:35.421455" level="INFO">Opening url 'http://172.21.166.115/washtabui/login?data=undefined'</msg>
<arg>${url}</arg>
<doc>Navigates the current browser window to the provided ``url``.</doc>
<status status="PASS" start="2026-06-18T13:24:35.421455" elapsed="3.523390"/>
</kw>
<arg>${url}</arg>
<doc>Navigates the current browser session to the provided URL.</doc>
<status status="PASS" start="2026-06-18T13:24:35.421455" elapsed="3.523390"/>
</kw>
<arg>${url}</arg>
<arg>${browser}</arg>
<doc>Opens a browser session and navigates to the provided URL.</doc>
<status status="PASS" start="2026-06-18T13:24:33.852975" elapsed="5.091870"/>
</kw>
<arg>${LOGIN_PAGE_URL}</arg>
<doc>Opens the login page in a new browser session using the provided URL.</doc>
<status status="PASS" start="2026-06-18T13:24:33.851896" elapsed="5.092949"/>
</kw>
<kw name="Verify Login Page Loaded" owner="login_page">
<kw name="Wait For Element To Be Ready" owner="common_keywords">
<kw name="Wait Until Element Is Visible" owner="SeleniumLibrary">
<arg>${locator}</arg>
<arg>${timeout}</arg>
<doc>Waits until the element ``locator`` is visible.</doc>
<status status="PASS" start="2026-06-18T13:24:38.945844" elapsed="0.023135"/>
</kw>
<kw name="Wait Until Element Is Enabled" owner="SeleniumLibrary">
<arg>${locator}</arg>
<arg>${timeout}</arg>
<doc>Waits until the element ``locator`` is enabled.</doc>
<status status="PASS" start="2026-06-18T13:24:38.968979" elapsed="0.019797"/>
</kw>
<arg>${USER_NAME_TEXTBOX}</arg>
<doc>Waits until the provided locator is visible and enabled.</doc>
<status status="PASS" start="2026-06-18T13:24:38.945844" elapsed="0.043932"/>
</kw>
<kw name="Wait For Element To Be Ready" owner="common_keywords">
<kw name="Wait Until Element Is Visible" owner="SeleniumLibrary">
<arg>${locator}</arg>
<arg>${timeout}</arg>
<doc>Waits until the element ``locator`` is visible.</doc>
<status status="PASS" start="2026-06-18T13:24:38.989776" elapsed="0.016074"/>
</kw>
<kw name="Wait Until Element Is Enabled" owner="SeleniumLibrary">
<arg>${locator}</arg>
<arg>${timeout}</arg>
<doc>Waits until the element ``locator`` is enabled.</doc>
<status status="PASS" start="2026-06-18T13:24:39.005850" elapsed="0.016603"/>
</kw>
<arg>${PASSWORD_TEXTBOX}</arg>
<doc>Waits until the provided locator is visible and enabled.</doc>
<status status="PASS" start="2026-06-18T13:24:38.989776" elapsed="0.032677"/>
</kw>
<kw name="Wait For Element To Be Ready" owner="common_keywords">
<kw name="Wait Until Element Is Visible" owner="SeleniumLibrary">
<arg>${locator}</arg>
<arg>${timeout}</arg>
<doc>Waits until the element ``locator`` is visible.</doc>
<status status="PASS" start="2026-06-18T13:24:39.022453" elapsed="0.016333"/>
</kw>
<kw name="Wait Until Element Is Enabled" owner="SeleniumLibrary">
<arg>${locator}</arg>
<arg>${timeout}</arg>
<doc>Waits until the element ``locator`` is enabled.</doc>
<status status="PASS" start="2026-06-18T13:24:39.038786" elapsed="0.015533"/>
</kw>
<arg>${SIGN_IN_BUTTON}</arg>
<doc>Waits until the provided locator is visible and enabled.</doc>
<status status="PASS" start="2026-06-18T13:24:39.022453" elapsed="0.031866"/>
</kw>
<status status="PASS" start="2026-06-18T13:24:38.945844" elapsed="0.108475"/>
</kw>
<kw name="Enter Username" owner="login_page">
<kw name="Input Text When Ready" owner="common_keywords">
<kw name="Wait For Element To Be Ready" owner="common_keywords">
<kw name="Wait Until Element Is Visible" owner="SeleniumLibrary">
<arg>${locator}</arg>
<arg>${timeout}</arg>
<doc>Waits until the element ``locator`` is visible.</doc>
<status status="PASS" start="2026-06-18T13:24:39.056339" elapsed="0.012524"/>
</kw>
<kw name="Wait Until Element Is Enabled" owner="SeleniumLibrary">
<arg>${locator}</arg>
<arg>${timeout}</arg>
<doc>Waits until the element ``locator`` is enabled.</doc>
<status status="PASS" start="2026-06-18T13:24:39.068863" elapsed="0.017029"/>
</kw>
<arg>${locator}</arg>
<arg>${timeout}</arg>
<doc>Waits until the provided locator is visible and enabled.</doc>
<status status="PASS" start="2026-06-18T13:24:39.056339" elapsed="0.029553"/>
</kw>
<kw name="Input Text" owner="SeleniumLibrary">
<msg time="2026-06-18T13:24:39.086910" level="INFO">Typing text '' into text field 'xpath=//input[@placeholder='User Name']'.</msg>
<arg>${locator}</arg>
<arg>${text}</arg>
<doc>Types the given ``text`` into the text field identified by ``locator``.</doc>
<status status="PASS" start="2026-06-18T13:24:39.085892" elapsed="0.080459"/>
</kw>
<arg>${USER_NAME_TEXTBOX}</arg>
<arg>${text}</arg>
<doc>Waits for an element and then inputs the provided text.</doc>
<status status="PASS" start="2026-06-18T13:24:39.055344" elapsed="0.112005"/>
</kw>
<arg>${EMPTY}</arg>
<status status="PASS" start="2026-06-18T13:24:39.055344" elapsed="0.112005"/>
</kw>
<kw name="Enter Password" owner="login_page">
<kw name="Input Text When Ready" owner="common_keywords">
<kw name="Wait For Element To Be Ready" owner="common_keywords">
<kw name="Wait Until Element Is Visible" owner="SeleniumLibrary">
<arg>${locator}</arg>
<arg>${timeout}</arg>
<doc>Waits until the element ``locator`` is visible.</doc>
<status status="PASS" start="2026-06-18T13:24:39.168349" elapsed="0.021001"/>
</kw>
<kw name="Wait Until Element Is Enabled" owner="SeleniumLibrary">
<arg>${locator}</arg>
<arg>${timeout}</arg>
<doc>Waits until the element ``locator`` is enabled.</doc>
<status status="PASS" start="2026-06-18T13:24:39.190351" elapsed="0.030001"/>
</kw>
<arg>${locator}</arg>
<arg>${timeout}</arg>
<doc>Waits until the provided locator is visible and enabled.</doc>
<status status="PASS" start="2026-06-18T13:24:39.168349" elapsed="0.052003"/>
</kw>
<kw name="Input Text" owner="SeleniumLibrary">
<msg time="2026-06-18T13:24:39.221348" level="INFO">Typing text '' into text field 'xpath=//input[@placeholder='Password']'.</msg>
<arg>${locator}</arg>
<arg>${text}</arg>
<doc>Types the given ``text`` into the text field identified by ``locator``.</doc>
<status status="PASS" start="2026-06-18T13:24:39.221348" elapsed="0.085046"/>
</kw>
<arg>${PASSWORD_TEXTBOX}</arg>
<arg>${text}</arg>
<doc>Waits for an element and then inputs the provided text.</doc>
<status status="PASS" start="2026-06-18T13:24:39.168349" elapsed="0.138045"/>
</kw>
<arg>${EMPTY}</arg>
<status status="PASS" start="2026-06-18T13:24:39.167349" elapsed="0.139045"/>
</kw>
<kw name="Click Sign In Button" owner="login_page">
<kw name="Click When Ready" owner="common_keywords">
<kw name="Wait For Element To Be Ready" owner="common_keywords">
<kw name="Wait Until Element Is Visible" owner="SeleniumLibrary">
<arg>${locator}</arg>
<arg>${timeout}</arg>
<doc>Waits until the element ``locator`` is visible.</doc>
<status status="PASS" start="2026-06-18T13:24:39.308395" elapsed="0.016999"/>
</kw>
<kw name="Wait Until Element Is Enabled" owner="SeleniumLibrary">
<arg>${locator}</arg>
<arg>${timeout}</arg>
<doc>Waits until the element ``locator`` is enabled.</doc>
<status status="PASS" start="2026-06-18T13:24:39.325394" elapsed="0.019740"/>
</kw>
<arg>${locator}</arg>
<arg>${timeout}</arg>
<doc>Waits until the provided locator is visible and enabled.</doc>
<status status="PASS" start="2026-06-18T13:24:39.308395" elapsed="0.036739"/>
</kw>
<kw name="Click Element" owner="SeleniumLibrary">
<msg time="2026-06-18T13:24:39.345134" level="INFO">Clicking element 'xpath=//ion-button[normalize-space(.)='SIGN IN']'.</msg>
<arg>${locator}</arg>
<doc>Click the element identified by ``locator``.</doc>
<status status="PASS" start="2026-06-18T13:24:39.345134" elapsed="0.062944"/>
</kw>
<arg>${SIGN_IN_BUTTON}</arg>
<doc>Waits for an element and then clicks it.</doc>
<status status="PASS" start="2026-06-18T13:24:39.307396" elapsed="0.100682"/>
</kw>
<status status="PASS" start="2026-06-18T13:24:39.307396" elapsed="0.100682"/>
</kw>
<kw name="Verify Login Rejected" owner="login_page">
<kw name="Wait For Element To Be Ready" owner="common_keywords">
<kw name="Wait Until Element Is Visible" owner="SeleniumLibrary">
<arg>${locator}</arg>
<arg>${timeout}</arg>
<doc>Waits until the element ``locator`` is visible.</doc>
<status status="PASS" start="2026-06-18T13:24:39.409078" elapsed="0.018208"/>
</kw>
<kw name="Wait Until Element Is Enabled" owner="SeleniumLibrary">
<arg>${locator}</arg>
<arg>${timeout}</arg>
<doc>Waits until the element ``locator`` is enabled.</doc>
<status status="PASS" start="2026-06-18T13:24:39.428385" elapsed="0.020172"/>
</kw>
<arg>${USER_NAME_TEXTBOX}</arg>
<doc>Waits until the provided locator is visible and enabled.</doc>
<status status="PASS" start="2026-06-18T13:24:39.409078" elapsed="0.039479"/>
</kw>
<kw name="Wait For Element To Be Ready" owner="common_keywords">
<kw name="Wait Until Element Is Visible" owner="SeleniumLibrary">
<arg>${locator}</arg>
<arg>${timeout}</arg>
<doc>Waits until the element ``locator`` is visible.</doc>
<status status="PASS" start="2026-06-18T13:24:39.449558" elapsed="0.015512"/>
</kw>
<kw name="Wait Until Element Is Enabled" owner="SeleniumLibrary">
<arg>${locator}</arg>
<arg>${timeout}</arg>
<doc>Waits until the element ``locator`` is enabled.</doc>
<status status="PASS" start="2026-06-18T13:24:39.465070" elapsed="0.021530"/>
</kw>
<arg>${PASSWORD_TEXTBOX}</arg>
<doc>Waits until the provided locator is visible and enabled.</doc>
<status status="PASS" start="2026-06-18T13:24:39.449558" elapsed="0.037042"/>
</kw>
<kw name="Wait For Element To Be Ready" owner="common_keywords">
<kw name="Wait Until Element Is Visible" owner="SeleniumLibrary">
<arg>${locator}</arg>
<arg>${timeout}</arg>
<doc>Waits until the element ``locator`` is visible.</doc>
<status status="PASS" start="2026-06-18T13:24:39.486600" elapsed="0.014996"/>
</kw>
<kw name="Wait Until Element Is Enabled" owner="SeleniumLibrary">
<arg>${locator}</arg>
<arg>${timeout}</arg>
<doc>Waits until the element ``locator`` is enabled.</doc>
<status status="PASS" start="2026-06-18T13:24:39.501596" elapsed="0.028251"/>
</kw>
<arg>${SIGN_IN_BUTTON}</arg>
<doc>Waits until the provided locator is visible and enabled.</doc>
<status status="PASS" start="2026-06-18T13:24:39.486600" elapsed="0.043247"/>
</kw>
<status status="PASS" start="2026-06-18T13:24:39.408078" elapsed="0.121769"/>
</kw>
<kw name="Close Browser Session" owner="common_keywords" type="TEARDOWN">
<kw name="Close All Browsers" owner="SeleniumLibrary">
<doc>Closes all open browsers and resets the browser cache.</doc>
<status status="PASS" start="2026-06-18T13:24:39.530843" elapsed="2.298236"/>
</kw>
<doc>Closes all open browser instances for the current execution.</doc>
<status status="PASS" start="2026-06-18T13:24:39.530843" elapsed="2.298236"/>
</kw>
<tag>negative</tag>
<tag>WT-LOGIN06</tag>
<status status="PASS" start="2026-06-18T13:24:33.850899" elapsed="7.978180"/>
</test>
<test id="s1-t7" name="AUT-WT-LOGIN07: Verify login failure when username is blank and password is entered" line="51">
<kw name="Open Login Page" owner="common_keywords" type="SETUP">
<kw name="Open Browser To Url" owner="common_keywords">
<kw name="Open Browser Session" owner="common_keywords">
<kw name="Open Browser" owner="SeleniumLibrary">
<msg time="2026-06-18T13:24:41.832081" level="INFO">Opening browser 'chrome' to base url 'about:blank'.</msg>
<arg>about:blank</arg>
<arg>${browser}</arg>
<doc>Opens a new browser instance to the optional ``url``.</doc>
<status status="PASS" start="2026-06-18T13:24:41.831081" elapsed="1.562255"/>
</kw>
<kw name="Maximize Browser Window" owner="SeleniumLibrary">
<doc>Maximizes current browser window.</doc>
<status status="PASS" start="2026-06-18T13:24:43.393336" elapsed="0.032678"/>
</kw>
<arg>${browser}</arg>
<doc>Opens a browser session on a blank page and maximizes the window.</doc>
<status status="PASS" start="2026-06-18T13:24:41.831081" elapsed="1.594933"/>
</kw>
<kw name="Go To Url" owner="common_keywords">
<kw name="Go To" owner="SeleniumLibrary">
<msg time="2026-06-18T13:24:43.428013" level="INFO">Opening url 'http://172.21.166.115/washtabui/login?data=undefined'</msg>
<arg>${url}</arg>
<doc>Navigates the current browser window to the provided ``url``.</doc>
<status status="PASS" start="2026-06-18T13:24:43.428013" elapsed="3.403091"/>
</kw>
<arg>${url}</arg>
<doc>Navigates the current browser session to the provided URL.</doc>
<status status="PASS" start="2026-06-18T13:24:43.427013" elapsed="3.404091"/>
</kw>
<arg>${url}</arg>
<arg>${browser}</arg>
<doc>Opens a browser session and navigates to the provided URL.</doc>
<status status="PASS" start="2026-06-18T13:24:41.831081" elapsed="5.000023"/>
</kw>
<arg>${LOGIN_PAGE_URL}</arg>
<doc>Opens the login page in a new browser session using the provided URL.</doc>
<status status="PASS" start="2026-06-18T13:24:41.830080" elapsed="5.002022"/>
</kw>
<kw name="Verify Login Page Loaded" owner="login_page">
<kw name="Wait For Element To Be Ready" owner="common_keywords">
<kw name="Wait Until Element Is Visible" owner="SeleniumLibrary">
<arg>${locator}</arg>
<arg>${timeout}</arg>
<doc>Waits until the element ``locator`` is visible.</doc>
<status status="PASS" start="2026-06-18T13:24:46.834103" elapsed="0.027990"/>
</kw>
<kw name="Wait Until Element Is Enabled" owner="SeleniumLibrary">
<arg>${locator}</arg>
<arg>${timeout}</arg>
<doc>Waits until the element ``locator`` is enabled.</doc>
<status status="PASS" start="2026-06-18T13:24:46.862093" elapsed="0.021829"/>
</kw>
<arg>${USER_NAME_TEXTBOX}</arg>
<doc>Waits until the provided locator is visible and enabled.</doc>
<status status="PASS" start="2026-06-18T13:24:46.833112" elapsed="0.050810"/>
</kw>
<kw name="Wait For Element To Be Ready" owner="common_keywords">
<kw name="Wait Until Element Is Visible" owner="SeleniumLibrary">
<arg>${locator}</arg>
<arg>${timeout}</arg>
<doc>Waits until the element ``locator`` is visible.</doc>
<status status="PASS" start="2026-06-18T13:24:46.884927" elapsed="0.016492"/>
</kw>
<kw name="Wait Until Element Is Enabled" owner="SeleniumLibrary">
<arg>${locator}</arg>
<arg>${timeout}</arg>
<doc>Waits until the element ``locator`` is enabled.</doc>
<status status="PASS" start="2026-06-18T13:24:46.902422" elapsed="0.018000"/>
</kw>
<arg>${PASSWORD_TEXTBOX}</arg>
<doc>Waits until the provided locator is visible and enabled.</doc>
<status status="PASS" start="2026-06-18T13:24:46.883922" elapsed="0.037498"/>
</kw>
<kw name="Wait For Element To Be Ready" owner="common_keywords">
<kw name="Wait Until Element Is Visible" owner="SeleniumLibrary">
<arg>${locator}</arg>
<arg>${timeout}</arg>
<doc>Waits until the element ``locator`` is visible.</doc>
<status status="PASS" start="2026-06-18T13:24:46.921420" elapsed="0.017008"/>
</kw>
<kw name="Wait Until Element Is Enabled" owner="SeleniumLibrary">
<arg>${locator}</arg>
<arg>${timeout}</arg>
<doc>Waits until the element ``locator`` is enabled.</doc>
<status status="PASS" start="2026-06-18T13:24:46.938428" elapsed="0.018514"/>
</kw>
<arg>${SIGN_IN_BUTTON}</arg>
<doc>Waits until the provided locator is visible and enabled.</doc>
<status status="PASS" start="2026-06-18T13:24:46.921420" elapsed="0.036529"/>
</kw>
<status status="PASS" start="2026-06-18T13:24:46.832102" elapsed="0.125847"/>
</kw>
<kw name="Enter Username" owner="login_page">
<kw name="Input Text When Ready" owner="common_keywords">
<kw name="Wait For Element To Be Ready" owner="common_keywords">
<kw name="Wait Until Element Is Visible" owner="SeleniumLibrary">
<arg>${locator}</arg>
<arg>${timeout}</arg>
<doc>Waits until the element ``locator`` is visible.</doc>
<status status="PASS" start="2026-06-18T13:24:46.959949" elapsed="0.014036"/>
</kw>
<kw name="Wait Until Element Is Enabled" owner="SeleniumLibrary">
<arg>${locator}</arg>
<arg>${timeout}</arg>
<doc>Waits until the element ``locator`` is enabled.</doc>
<status status="PASS" start="2026-06-18T13:24:46.973985" elapsed="0.020522"/>
</kw>
<arg>${locator}</arg>
<arg>${timeout}</arg>
<doc>Waits until the provided locator is visible and enabled.</doc>
<status status="PASS" start="2026-06-18T13:24:46.958950" elapsed="0.035557"/>
</kw>
<kw name="Input Text" owner="SeleniumLibrary">
<msg time="2026-06-18T13:24:46.995507" level="INFO">Typing text '' into text field 'xpath=//input[@placeholder='User Name']'.</msg>
<arg>${locator}</arg>
<arg>${text}</arg>
<doc>Types the given ``text`` into the text field identified by ``locator``.</doc>
<status status="PASS" start="2026-06-18T13:24:46.994507" elapsed="0.066050"/>
</kw>
<arg>${USER_NAME_TEXTBOX}</arg>
<arg>${text}</arg>
<doc>Waits for an element and then inputs the provided text.</doc>
<status status="PASS" start="2026-06-18T13:24:46.958950" elapsed="0.101607"/>
</kw>
<arg>${EMPTY}</arg>
<status status="PASS" start="2026-06-18T13:24:46.957949" elapsed="0.102608"/>
</kw>
<kw name="Enter Password" owner="login_page">
<kw name="Input Text When Ready" owner="common_keywords">
<kw name="Wait For Element To Be Ready" owner="common_keywords">
<kw name="Wait Until Element Is Visible" owner="SeleniumLibrary">
<arg>${locator}</arg>
<arg>${timeout}</arg>
<doc>Waits until the element ``locator`` is visible.</doc>
<status status="PASS" start="2026-06-18T13:24:47.062555" elapsed="0.013530"/>
</kw>
<kw name="Wait Until Element Is Enabled" owner="SeleniumLibrary">
<arg>${locator}</arg>
<arg>${timeout}</arg>
<doc>Waits until the element ``locator`` is enabled.</doc>
<status status="PASS" start="2026-06-18T13:24:47.076085" elapsed="0.021018"/>
</kw>
<arg>${locator}</arg>
<arg>${timeout}</arg>
<doc>Waits until the provided locator is visible and enabled.</doc>
<status status="PASS" start="2026-06-18T13:24:47.061556" elapsed="0.035547"/>
</kw>
<kw name="Input Text" owner="SeleniumLibrary">
<msg time="2026-06-18T13:24:47.098165" level="INFO">Typing text 'Icstunnel1' into text field 'xpath=//input[@placeholder='Password']'.</msg>
<arg>${locator}</arg>
<arg>${text}</arg>
<doc>Types the given ``text`` into the text field identified by ``locator``.</doc>
<status status="PASS" start="2026-06-18T13:24:47.097103" elapsed="0.078548"/>
</kw>
<arg>${PASSWORD_TEXTBOX}</arg>
<arg>${text}</arg>
<doc>Waits for an element and then inputs the provided text.</doc>
<status status="PASS" start="2026-06-18T13:24:47.061556" elapsed="0.114095"/>
</kw>
<arg>${VALID_PASSWORD}</arg>
<status status="PASS" start="2026-06-18T13:24:47.060557" elapsed="0.116099"/>
</kw>
<kw name="Click Sign In Button" owner="login_page">
<kw name="Click When Ready" owner="common_keywords">
<kw name="Wait For Element To Be Ready" owner="common_keywords">
<kw name="Wait Until Element Is Visible" owner="SeleniumLibrary">
<arg>${locator}</arg>
<arg>${timeout}</arg>
<doc>Waits until the element ``locator`` is visible.</doc>
<status status="PASS" start="2026-06-18T13:24:47.177652" elapsed="0.015998"/>
</kw>
<kw name="Wait Until Element Is Enabled" owner="SeleniumLibrary">
<arg>${locator}</arg>
<arg>${timeout}</arg>
<doc>Waits until the element ``locator`` is enabled.</doc>
<status status="PASS" start="2026-06-18T13:24:47.194652" elapsed="0.021998"/>
</kw>
<arg>${locator}</arg>
<arg>${timeout}</arg>
<doc>Waits until the provided locator is visible and enabled.</doc>
<status status="PASS" start="2026-06-18T13:24:47.177652" elapsed="0.040003"/>
</kw>
<kw name="Click Element" owner="SeleniumLibrary">
<msg time="2026-06-18T13:24:47.218658" level="INFO">Clicking element 'xpath=//ion-button[normalize-space(.)='SIGN IN']'.</msg>
<arg>${locator}</arg>
<doc>Click the element identified by ``locator``.</doc>
<status status="PASS" start="2026-06-18T13:24:47.217655" elapsed="0.064598"/>
</kw>
<arg>${SIGN_IN_BUTTON}</arg>
<doc>Waits for an element and then clicks it.</doc>
<status status="PASS" start="2026-06-18T13:24:47.176656" elapsed="0.105597"/>
</kw>
<status status="PASS" start="2026-06-18T13:24:47.176656" elapsed="0.105597"/>
</kw>
<kw name="Verify Username Required Validation" owner="login_page">
<kw name="Wait For Element To Be Ready" owner="common_keywords">
<kw name="Wait Until Element Is Visible" owner="SeleniumLibrary">
<arg>${locator}</arg>
<arg>${timeout}</arg>
<doc>Waits until the element ``locator`` is visible.</doc>
<status status="PASS" start="2026-06-18T13:24:47.283251" elapsed="0.014001"/>
</kw>
<kw name="Wait Until Element Is Enabled" owner="SeleniumLibrary">
<arg>${locator}</arg>
<arg>${timeout}</arg>
<doc>Waits until the element ``locator`` is enabled.</doc>
<status status="PASS" start="2026-06-18T13:24:47.298249" elapsed="0.019037"/>
</kw>
<arg>${USER_NAME_TEXTBOX}</arg>
<doc>Waits until the provided locator is visible and enabled.</doc>
<status status="PASS" start="2026-06-18T13:24:47.283251" elapsed="0.034035"/>
</kw>
<status status="PASS" start="2026-06-18T13:24:47.282253" elapsed="0.035033"/>
</kw>
<kw name="Close Browser Session" owner="common_keywords" type="TEARDOWN">
<kw name="Close All Browsers" owner="SeleniumLibrary">
<doc>Closes all open browsers and resets the browser cache.</doc>
<status status="PASS" start="2026-06-18T13:24:47.318285" elapsed="2.265343"/>
</kw>
<doc>Closes all open browser instances for the current execution.</doc>
<status status="PASS" start="2026-06-18T13:24:47.317286" elapsed="2.267260"/>
</kw>
<tag>negative</tag>
<tag>WT-LOGIN07</tag>
<status status="PASS" start="2026-06-18T13:24:41.830080" elapsed="7.754466"/>
</test>
<test id="s1-t8" name="AUT-WT-LOGIN08: Verify login failure when password is blank and username is entered" line="59">
<kw name="Open Login Page" owner="common_keywords" type="SETUP">
<kw name="Open Browser To Url" owner="common_keywords">
<kw name="Open Browser Session" owner="common_keywords">
<kw name="Open Browser" owner="SeleniumLibrary">
<msg time="2026-06-18T13:24:49.589491" level="INFO">Opening browser 'chrome' to base url 'about:blank'.</msg>
<arg>about:blank</arg>
<arg>${browser}</arg>
<doc>Opens a new browser instance to the optional ``url``.</doc>
<status status="PASS" start="2026-06-18T13:24:49.588497" elapsed="1.519842"/>
</kw>
<kw name="Maximize Browser Window" owner="SeleniumLibrary">
<doc>Maximizes current browser window.</doc>
<status status="PASS" start="2026-06-18T13:24:51.109339" elapsed="0.051860"/>
</kw>
<arg>${browser}</arg>
<doc>Opens a browser session on a blank page and maximizes the window.</doc>
<status status="PASS" start="2026-06-18T13:24:49.588497" elapsed="1.572702"/>
</kw>
<kw name="Go To Url" owner="common_keywords">
<kw name="Go To" owner="SeleniumLibrary">
<msg time="2026-06-18T13:24:51.163201" level="INFO">Opening url 'http://172.21.166.115/washtabui/login?data=undefined'</msg>
<arg>${url}</arg>
<doc>Navigates the current browser window to the provided ``url``.</doc>
<status status="PASS" start="2026-06-18T13:24:51.162201" elapsed="3.599648"/>
</kw>
<arg>${url}</arg>
<doc>Navigates the current browser session to the provided URL.</doc>
<status status="PASS" start="2026-06-18T13:24:51.162201" elapsed="3.599648"/>
</kw>
<arg>${url}</arg>
<arg>${browser}</arg>
<doc>Opens a browser session and navigates to the provided URL.</doc>
<status status="PASS" start="2026-06-18T13:24:49.587497" elapsed="5.174352"/>
</kw>
<arg>${LOGIN_PAGE_URL}</arg>
<doc>Opens the login page in a new browser session using the provided URL.</doc>
<status status="PASS" start="2026-06-18T13:24:49.586501" elapsed="5.175348"/>
</kw>
<kw name="Verify Login Page Loaded" owner="login_page">
<kw name="Wait For Element To Be Ready" owner="common_keywords">
<kw name="Wait Until Element Is Visible" owner="SeleniumLibrary">
<arg>${locator}</arg>
<arg>${timeout}</arg>
<doc>Waits until the element ``locator`` is visible.</doc>
<status status="PASS" start="2026-06-18T13:24:54.762846" elapsed="0.023066"/>
</kw>
<kw name="Wait Until Element Is Enabled" owner="SeleniumLibrary">
<arg>${locator}</arg>
<arg>${timeout}</arg>
<doc>Waits until the element ``locator`` is enabled.</doc>
<status status="PASS" start="2026-06-18T13:24:54.786979" elapsed="0.020008"/>
</kw>
<arg>${USER_NAME_TEXTBOX}</arg>
<doc>Waits until the provided locator is visible and enabled.</doc>
<status status="PASS" start="2026-06-18T13:24:54.762846" elapsed="0.044141"/>
</kw>
<kw name="Wait For Element To Be Ready" owner="common_keywords">
<kw name="Wait Until Element Is Visible" owner="SeleniumLibrary">
<arg>${locator}</arg>
<arg>${timeout}</arg>
<doc>Waits until the element ``locator`` is visible.</doc>
<status status="PASS" start="2026-06-18T13:24:54.807986" elapsed="0.016543"/>
</kw>
<kw name="Wait Until Element Is Enabled" owner="SeleniumLibrary">
<arg>${locator}</arg>
<arg>${timeout}</arg>
<doc>Waits until the element ``locator`` is enabled.</doc>
<status status="PASS" start="2026-06-18T13:24:54.824529" elapsed="0.017999"/>
</kw>
<arg>${PASSWORD_TEXTBOX}</arg>
<doc>Waits until the provided locator is visible and enabled.</doc>
<status status="PASS" start="2026-06-18T13:24:54.806987" elapsed="0.035541"/>
</kw>
<kw name="Wait For Element To Be Ready" owner="common_keywords">
<kw name="Wait Until Element Is Visible" owner="SeleniumLibrary">
<arg>${locator}</arg>
<arg>${timeout}</arg>
<doc>Waits until the element ``locator`` is visible.</doc>
<status status="PASS" start="2026-06-18T13:24:54.843532" elapsed="0.018997"/>
</kw>
<kw name="Wait Until Element Is Enabled" owner="SeleniumLibrary">
<arg>${locator}</arg>
<arg>${timeout}</arg>
<doc>Waits until the element ``locator`` is enabled.</doc>
<status status="PASS" start="2026-06-18T13:24:54.862529" elapsed="0.019005"/>
</kw>
<arg>${SIGN_IN_BUTTON}</arg>
<doc>Waits until the provided locator is visible and enabled.</doc>
<status status="PASS" start="2026-06-18T13:24:54.842528" elapsed="0.039006"/>
</kw>
<status status="PASS" start="2026-06-18T13:24:54.761849" elapsed="0.119685"/>
</kw>
<kw name="Enter Username" owner="login_page">
<kw name="Input Text When Ready" owner="common_keywords">
<kw name="Wait For Element To Be Ready" owner="common_keywords">
<kw name="Wait Until Element Is Visible" owner="SeleniumLibrary">
<arg>${locator}</arg>
<arg>${timeout}</arg>
<doc>Waits until the element ``locator`` is visible.</doc>
<status status="PASS" start="2026-06-18T13:24:54.883623" elapsed="0.012992"/>
</kw>
<kw name="Wait Until Element Is Enabled" owner="SeleniumLibrary">
<arg>${locator}</arg>
<arg>${timeout}</arg>
<doc>Waits until the element ``locator`` is enabled.</doc>
<status status="PASS" start="2026-06-18T13:24:54.897616" elapsed="0.017005"/>
</kw>
<arg>${locator}</arg>
<arg>${timeout}</arg>
<doc>Waits until the provided locator is visible and enabled.</doc>
<status status="PASS" start="2026-06-18T13:24:54.883623" elapsed="0.030998"/>
</kw>
<kw name="Input Text" owner="SeleniumLibrary">
<msg time="2026-06-18T13:24:54.915621" level="INFO">Typing text 'haklarr' into text field 'xpath=//input[@placeholder='User Name']'.</msg>
<arg>${locator}</arg>
<arg>${text}</arg>
<doc>Types the given ``text`` into the text field identified by ``locator``.</doc>
<status status="PASS" start="2026-06-18T13:24:54.915621" elapsed="0.073831"/>
</kw>
<arg>${USER_NAME_TEXTBOX}</arg>
<arg>${text}</arg>
<doc>Waits for an element and then inputs the provided text.</doc>
<status status="PASS" start="2026-06-18T13:24:54.882535" elapsed="0.106917"/>
</kw>
<arg>${VALID_USERNAME}</arg>
<status status="PASS" start="2026-06-18T13:24:54.881534" elapsed="0.107918"/>
</kw>
<kw name="Enter Password" owner="login_page">
<kw name="Input Text When Ready" owner="common_keywords">
<kw name="Wait For Element To Be Ready" owner="common_keywords">
<kw name="Wait Until Element Is Visible" owner="SeleniumLibrary">
<arg>${locator}</arg>
<arg>${timeout}</arg>
<doc>Waits until the element ``locator`` is visible.</doc>
<status status="PASS" start="2026-06-18T13:24:54.991474" elapsed="0.014978"/>
</kw>
<kw name="Wait Until Element Is Enabled" owner="SeleniumLibrary">
<arg>${locator}</arg>
<arg>${timeout}</arg>
<doc>Waits until the element ``locator`` is enabled.</doc>
<status status="PASS" start="2026-06-18T13:24:55.006452" elapsed="0.020853"/>
</kw>
<arg>${locator}</arg>
<arg>${timeout}</arg>
<doc>Waits until the provided locator is visible and enabled.</doc>
<status status="PASS" start="2026-06-18T13:24:54.991474" elapsed="0.036812"/>
</kw>
<kw name="Input Text" owner="SeleniumLibrary">
<msg time="2026-06-18T13:24:55.028286" level="INFO">Typing text '' into text field 'xpath=//input[@placeholder='Password']'.</msg>
<arg>${locator}</arg>
<arg>${text}</arg>
[...]
<arg>${locator}</arg>
<arg>${timeout}</arg>
<doc>Waits until the element ``locator`` is visible.</doc>
<status status="PASS" start="2026-06-18T13:26:05.796239" elapsed="0.012427"/>
</kw>
<kw name="Wait Until Element Is Enabled" owner="SeleniumLibrary">
<arg>${locator}</arg>
<arg>${timeout}</arg>
<doc>Waits until the element ``locator`` is enabled.</doc>
<status status="PASS" start="2026-06-18T13:26:05.808666" elapsed="0.013528"/>
</kw>
<arg>${SIGN_IN_BUTTON}</arg>
<doc>Waits until the provided locator is visible and enabled.</doc>
<status status="PASS" start="2026-06-18T13:26:05.795239" elapsed="0.027938"/>
</kw>
<status status="PASS" start="2026-06-18T13:26:05.728218" elapsed="0.094959"/>
</kw>
<kw name="Enter Username" owner="login_page">
<kw name="Input Text When Ready" owner="common_keywords">
<kw name="Wait For Element To Be Ready" owner="common_keywords">
<kw name="Wait Until Element Is Visible" owner="SeleniumLibrary">
<arg>${locator}</arg>
<arg>${timeout}</arg>
<doc>Waits until the element ``locator`` is visible.</doc>
<status status="PASS" start="2026-06-18T13:26:05.824178" elapsed="0.010648"/>
</kw>
<kw name="Wait Until Element Is Enabled" owner="SeleniumLibrary">
<arg>${locator}</arg>
<arg>${timeout}</arg>
<doc>Waits until the element ``locator`` is enabled.</doc>
<status status="PASS" start="2026-06-18T13:26:05.834826" elapsed="0.012999"/>
</kw>
<arg>${locator}</arg>
<arg>${timeout}</arg>
<doc>Waits until the provided locator is visible and enabled.</doc>
<status status="PASS" start="2026-06-18T13:26:05.823177" elapsed="0.024648"/>
</kw>
<kw name="Input Text" owner="SeleniumLibrary">
<msg time="2026-06-18T13:26:05.848828" level="INFO">Typing text 'haklarr' into text field 'xpath=//input[@placeholder='User Name']'.</msg>
<arg>${locator}</arg>
<arg>${text}</arg>
<doc>Types the given ``text`` into the text field identified by ``locator``.</doc>
<status status="PASS" start="2026-06-18T13:26:05.847825" elapsed="0.077609"/>
</kw>
<arg>${USER_NAME_TEXTBOX}</arg>
<arg>${text}</arg>
<doc>Waits for an element and then inputs the provided text.</doc>
<status status="PASS" start="2026-06-18T13:26:05.823177" elapsed="0.103257"/>
</kw>
<arg>${VALID_USERNAME}</arg>
<status status="PASS" start="2026-06-18T13:26:05.823177" elapsed="0.103257"/>
</kw>
<kw name="Enter Password" owner="login_page">
<kw name="Input Text When Ready" owner="common_keywords">
<kw name="Wait For Element To Be Ready" owner="common_keywords">
<kw name="Wait Until Element Is Visible" owner="SeleniumLibrary">
<arg>${locator}</arg>
<arg>${timeout}</arg>
<doc>Waits until the element ``locator`` is visible.</doc>
<status status="PASS" start="2026-06-18T13:26:05.927449" elapsed="0.013982"/>
</kw>
<kw name="Wait Until Element Is Enabled" owner="SeleniumLibrary">
<arg>${locator}</arg>
<arg>${timeout}</arg>
<doc>Waits until the element ``locator`` is enabled.</doc>
<status status="PASS" start="2026-06-18T13:26:05.941431" elapsed="0.018008"/>
</kw>
<arg>${locator}</arg>
<arg>${timeout}</arg>
<doc>Waits until the provided locator is visible and enabled.</doc>
<status status="PASS" start="2026-06-18T13:26:05.926434" elapsed="0.033005"/>
</kw>
<kw name="Input Text" owner="SeleniumLibrary">
<msg time="2026-06-18T13:26:05.960440" level="INFO">Typing text 'Icstunnel1' into text field 'xpath=//input[@placeholder='Password']'.</msg>
<arg>${locator}</arg>
<arg>${text}</arg>
<doc>Types the given ``text`` into the text field identified by ``locator``.</doc>
<status status="PASS" start="2026-06-18T13:26:05.960440" elapsed="0.075312"/>
</kw>
<arg>${PASSWORD_TEXTBOX}</arg>
<arg>${text}</arg>
<doc>Waits for an element and then inputs the provided text.</doc>
<status status="PASS" start="2026-06-18T13:26:05.926434" elapsed="0.110328"/>
</kw>
<arg>${VALID_PASSWORD}</arg>
<status status="PASS" start="2026-06-18T13:26:05.926434" elapsed="0.110328"/>
</kw>
<kw name="Submit Login With Enter Key" owner="login_page">
<kw name="Press Keys" owner="SeleniumLibrary">
<msg time="2026-06-18T13:26:06.037751" level="INFO">Sending key(s) ('ENTER',) to xpath=//input[@placeholder='Password'] element.</msg>
<msg time="2026-06-18T13:26:06.343963" level="INFO">Pressing special key ENTER to element.</msg>
<msg time="2026-06-18T13:26:06.343963" level="INFO">Releasing special key ENTER.</msg>
<arg>${PASSWORD_TEXTBOX}</arg>
<arg>ENTER</arg>
<doc>Simulates the user pressing key(s) to an element or on the active browser.</doc>
<status status="PASS" start="2026-06-18T13:26:06.037751" elapsed="0.316215"/>
</kw>
<status status="PASS" start="2026-06-18T13:26:06.036762" elapsed="0.317204"/>
</kw>
<kw name="Close Browser Session" owner="common_keywords" type="TEARDOWN">
<kw name="Close All Browsers" owner="SeleniumLibrary">
<doc>Closes all open browsers and resets the browser cache.</doc>
<status status="PASS" start="2026-06-18T13:26:06.354965" elapsed="2.230709"/>
</kw>
<doc>Closes all open browser instances for the current execution.</doc>
<status status="PASS" start="2026-06-18T13:26:06.354965" elapsed="2.231811"/>
</kw>
<tag>edge</tag>
<tag>WT-LOGIN17</tag>
<status status="PASS" start="2026-06-18T13:26:00.702624" elapsed="7.884152"/>
</test>
<test id="s1-t18" name="AUT-WT-LOGIN18: Verify behavior when Login button is clicked multiple times quickly" line="138">
<kw name="Open Login Page" owner="common_keywords" type="SETUP">
<kw name="Open Browser To Url" owner="common_keywords">
<kw name="Open Browser Session" owner="common_keywords">
<kw name="Open Browser" owner="SeleniumLibrary">
<msg time="2026-06-18T13:26:08.590775" level="INFO">Opening browser 'chrome' to base url 'about:blank'.</msg>
<arg>about:blank</arg>
<arg>${browser}</arg>
<doc>Opens a new browser instance to the optional ``url``.</doc>
<status status="PASS" start="2026-06-18T13:26:08.590775" elapsed="1.504371"/>
</kw>
<kw name="Maximize Browser Window" owner="SeleniumLibrary">
<doc>Maximizes current browser window.</doc>
<status status="PASS" start="2026-06-18T13:26:10.095146" elapsed="0.020931"/>
</kw>
<arg>${browser}</arg>
<doc>Opens a browser session on a blank page and maximizes the window.</doc>
<status status="PASS" start="2026-06-18T13:26:08.590775" elapsed="1.525302"/>
</kw>
<kw name="Go To Url" owner="common_keywords">
<kw name="Go To" owner="SeleniumLibrary">
<msg time="2026-06-18T13:26:10.117108" level="INFO">Opening url 'http://172.21.166.115/washtabui/login?data=undefined'</msg>
<arg>${url}</arg>
<doc>Navigates the current browser window to the provided ``url``.</doc>
<status status="PASS" start="2026-06-18T13:26:10.117108" elapsed="3.445896"/>
</kw>
<arg>${url}</arg>
<doc>Navigates the current browser session to the provided URL.</doc>
<status status="PASS" start="2026-06-18T13:26:10.117108" elapsed="3.445896"/>
</kw>
<arg>${url}</arg>
<arg>${browser}</arg>
<doc>Opens a browser session and navigates to the provided URL.</doc>
<status status="PASS" start="2026-06-18T13:26:08.589781" elapsed="4.973223"/>
</kw>
<arg>${LOGIN_PAGE_URL}</arg>
<doc>Opens the login page in a new browser session using the provided URL.</doc>
<status status="PASS" start="2026-06-18T13:26:08.588742" elapsed="4.975258"/>
</kw>
<kw name="Verify Login Page Loaded" owner="login_page">
<kw name="Wait For Element To Be Ready" owner="common_keywords">
<kw name="Wait Until Element Is Visible" owner="SeleniumLibrary">
<arg>${locator}</arg>
<arg>${timeout}</arg>
<doc>Waits until the element ``locator`` is visible.</doc>
<status status="PASS" start="2026-06-18T13:26:13.564000" elapsed="0.023116"/>
</kw>
<kw name="Wait Until Element Is Enabled" owner="SeleniumLibrary">
<arg>${locator}</arg>
<arg>${timeout}</arg>
<doc>Waits until the element ``locator`` is enabled.</doc>
<status status="PASS" start="2026-06-18T13:26:13.587116" elapsed="0.018836"/>
</kw>
<arg>${USER_NAME_TEXTBOX}</arg>
<doc>Waits until the provided locator is visible and enabled.</doc>
<status status="PASS" start="2026-06-18T13:26:13.564000" elapsed="0.042935"/>
</kw>
<kw name="Wait For Element To Be Ready" owner="common_keywords">
<kw name="Wait Until Element Is Visible" owner="SeleniumLibrary">
<arg>${locator}</arg>
<arg>${timeout}</arg>
<doc>Waits until the element ``locator`` is visible.</doc>
<status status="PASS" start="2026-06-18T13:26:13.606935" elapsed="0.013456"/>
</kw>
<kw name="Wait Until Element Is Enabled" owner="SeleniumLibrary">
<arg>${locator}</arg>
<arg>${timeout}</arg>
<doc>Waits until the element ``locator`` is enabled.</doc>
<status status="PASS" start="2026-06-18T13:26:13.620391" elapsed="0.014722"/>
</kw>
<arg>${PASSWORD_TEXTBOX}</arg>
<doc>Waits until the provided locator is visible and enabled.</doc>
<status status="PASS" start="2026-06-18T13:26:13.606935" elapsed="0.029190"/>
</kw>
<kw name="Wait For Element To Be Ready" owner="common_keywords">
<kw name="Wait Until Element Is Visible" owner="SeleniumLibrary">
<arg>${locator}</arg>
<arg>${timeout}</arg>
<doc>Waits until the element ``locator`` is visible.</doc>
<status status="PASS" start="2026-06-18T13:26:13.636125" elapsed="0.013001"/>
</kw>
<kw name="Wait Until Element Is Enabled" owner="SeleniumLibrary">
<arg>${locator}</arg>
<arg>${timeout}</arg>
<doc>Waits until the element ``locator`` is enabled.</doc>
<status status="PASS" start="2026-06-18T13:26:13.649126" elapsed="0.013237"/>
</kw>
<arg>${SIGN_IN_BUTTON}</arg>
<doc>Waits until the provided locator is visible and enabled.</doc>
<status status="PASS" start="2026-06-18T13:26:13.636125" elapsed="0.027257"/>
</kw>
<status status="PASS" start="2026-06-18T13:26:13.564000" elapsed="0.099382"/>
</kw>
<kw name="Enter Username" owner="login_page">
<kw name="Input Text When Ready" owner="common_keywords">
<kw name="Wait For Element To Be Ready" owner="common_keywords">
<kw name="Wait Until Element Is Visible" owner="SeleniumLibrary">
<arg>${locator}</arg>
<arg>${timeout}</arg>
<doc>Waits until the element ``locator`` is visible.</doc>
<status status="PASS" start="2026-06-18T13:26:13.664384" elapsed="0.009930"/>
</kw>
<kw name="Wait Until Element Is Enabled" owner="SeleniumLibrary">
<arg>${locator}</arg>
<arg>${timeout}</arg>
<doc>Waits until the element ``locator`` is enabled.</doc>
<status status="PASS" start="2026-06-18T13:26:13.675330" elapsed="0.014004"/>
</kw>
<arg>${locator}</arg>
<arg>${timeout}</arg>
<doc>Waits until the provided locator is visible and enabled.</doc>
<status status="PASS" start="2026-06-18T13:26:13.664384" elapsed="0.024950"/>
</kw>
<kw name="Input Text" owner="SeleniumLibrary">
<msg time="2026-06-18T13:26:13.689334" level="INFO">Typing text 'haklarr' into text field 'xpath=//input[@placeholder='User Name']'.</msg>
<arg>${locator}</arg>
<arg>${text}</arg>
<doc>Types the given ``text`` into the text field identified by ``locator``.</doc>
<status status="PASS" start="2026-06-18T13:26:13.689334" elapsed="0.072984"/>
</kw>
<arg>${USER_NAME_TEXTBOX}</arg>
<arg>${text}</arg>
<doc>Waits for an element and then inputs the provided text.</doc>
<status status="PASS" start="2026-06-18T13:26:13.663382" elapsed="0.098936"/>
</kw>
<arg>${VALID_USERNAME}</arg>
<status status="PASS" start="2026-06-18T13:26:13.663382" elapsed="0.098936"/>
</kw>
<kw name="Enter Password" owner="login_page">
<kw name="Input Text When Ready" owner="common_keywords">
<kw name="Wait For Element To Be Ready" owner="common_keywords">
<kw name="Wait Until Element Is Visible" owner="SeleniumLibrary">
<arg>${locator}</arg>
<arg>${timeout}</arg>
<doc>Waits until the element ``locator`` is visible.</doc>
<status status="PASS" start="2026-06-18T13:26:13.763319" elapsed="0.014243"/>
</kw>
<kw name="Wait Until Element Is Enabled" owner="SeleniumLibrary">
<arg>${locator}</arg>
<arg>${timeout}</arg>
<doc>Waits until the element ``locator`` is enabled.</doc>
<status status="PASS" start="2026-06-18T13:26:13.777562" elapsed="0.015183"/>
</kw>
<arg>${locator}</arg>
<arg>${timeout}</arg>
<doc>Waits until the provided locator is visible and enabled.</doc>
<status status="PASS" start="2026-06-18T13:26:13.763319" elapsed="0.029426"/>
</kw>
<kw name="Input Text" owner="SeleniumLibrary">
<msg time="2026-06-18T13:26:13.793269" level="INFO">Typing text 'Icstunnel1' into text field 'xpath=//input[@placeholder='Password']'.</msg>
<arg>${locator}</arg>
<arg>${text}</arg>
<doc>Types the given ``text`` into the text field identified by ``locator``.</doc>
<status status="PASS" start="2026-06-18T13:26:13.792745" elapsed="0.063280"/>
</kw>
<arg>${PASSWORD_TEXTBOX}</arg>
<arg>${text}</arg>
<doc>Waits for an element and then inputs the provided text.</doc>
<status status="PASS" start="2026-06-18T13:26:13.763319" elapsed="0.093710"/>
</kw>
<arg>${VALID_PASSWORD}</arg>
<status status="PASS" start="2026-06-18T13:26:13.762318" elapsed="0.094711"/>
</kw>
<kw name="Click Sign In Button" owner="login_page">
<kw name="Click When Ready" owner="common_keywords">
<kw name="Wait For Element To Be Ready" owner="common_keywords">
<kw name="Wait Until Element Is Visible" owner="SeleniumLibrary">
<arg>${locator}</arg>
<arg>${timeout}</arg>
<doc>Waits until the element ``locator`` is visible.</doc>
<status status="PASS" start="2026-06-18T13:26:13.859041" elapsed="0.009983"/>
</kw>
<kw name="Wait Until Element Is Enabled" owner="SeleniumLibrary">
<arg>${locator}</arg>
<arg>${timeout}</arg>
<doc>Waits until the element ``locator`` is enabled.</doc>
<status status="PASS" start="2026-06-18T13:26:13.870025" elapsed="0.013221"/>
</kw>
<arg>${locator}</arg>
<arg>${timeout}</arg>
<doc>Waits until the provided locator is visible and enabled.</doc>
<status status="PASS" start="2026-06-18T13:26:13.858043" elapsed="0.026203"/>
</kw>
<kw name="Click Element" owner="SeleniumLibrary">
<msg time="2026-06-18T13:26:13.884246" level="INFO">Clicking element 'xpath=//ion-button[normalize-space(.)='SIGN IN']'.</msg>
<arg>${locator}</arg>
<doc>Click the element identified by ``locator``.</doc>
<status status="PASS" start="2026-06-18T13:26:13.884246" elapsed="0.047356"/>
</kw>
<arg>${SIGN_IN_BUTTON}</arg>
<doc>Waits for an element and then clicks it.</doc>
<status status="PASS" start="2026-06-18T13:26:13.858043" elapsed="0.073559"/>
</kw>
<status status="PASS" start="2026-06-18T13:26:13.857029" elapsed="0.075576"/>
</kw>
<kw name="Click Sign In Button" owner="login_page">
<kw name="Click When Ready" owner="common_keywords">
<kw name="Wait For Element To Be Ready" owner="common_keywords">
<kw name="Wait Until Element Is Visible" owner="SeleniumLibrary">
<arg>${locator}</arg>
<arg>${timeout}</arg>
<doc>Waits until the element ``locator`` is visible.</doc>
<status status="PASS" start="2026-06-18T13:26:13.934604" elapsed="0.011997"/>
</kw>
<kw name="Wait Until Element Is Enabled" owner="SeleniumLibrary">
<arg>${locator}</arg>
<arg>${timeout}</arg>
<doc>Waits until the element ``locator`` is enabled.</doc>
<status status="PASS" start="2026-06-18T13:26:13.946601" elapsed="0.016001"/>
</kw>
<arg>${locator}</arg>
<arg>${timeout}</arg>
<doc>Waits until the provided locator is visible and enabled.</doc>
<status status="PASS" start="2026-06-18T13:26:13.934604" elapsed="0.027998"/>
</kw>
<kw name="Click Element" owner="SeleniumLibrary">
<msg time="2026-06-18T13:26:13.963602" level="INFO">Clicking element 'xpath=//ion-button[normalize-space(.)='SIGN IN']'.</msg>
<arg>${locator}</arg>
<doc>Click the element identified by ``locator``.</doc>
<status status="PASS" start="2026-06-18T13:26:13.962602" elapsed="0.046071"/>
</kw>
<arg>${SIGN_IN_BUTTON}</arg>
<doc>Waits for an element and then clicks it.</doc>
<status status="PASS" start="2026-06-18T13:26:13.932605" elapsed="0.076068"/>
</kw>
<status status="PASS" start="2026-06-18T13:26:13.932605" elapsed="0.076068"/>
</kw>
<kw name="Verify Login Rejected" owner="login_page">
<kw name="Wait For Element To Be Ready" owner="common_keywords">
<kw name="Wait Until Element Is Visible" owner="SeleniumLibrary">
<arg>${locator}</arg>
<arg>${timeout}</arg>
<doc>Waits until the element ``locator`` is visible.</doc>
<status status="PASS" start="2026-06-18T13:26:14.009674" elapsed="0.012998"/>
</kw>
<kw name="Wait Until Element Is Enabled" owner="SeleniumLibrary">
<arg>${locator}</arg>
<arg>${timeout}</arg>
<doc>Waits until the element ``locator`` is enabled.</doc>
<status status="PASS" start="2026-06-18T13:26:14.022672" elapsed="0.017003"/>
</kw>
<arg>${USER_NAME_TEXTBOX}</arg>
<doc>Waits until the provided locator is visible and enabled.</doc>
<status status="PASS" start="2026-06-18T13:26:14.009674" elapsed="0.030001"/>
</kw>
<kw name="Wait For Element To Be Ready" owner="common_keywords">
<kw name="Wait Until Element Is Visible" owner="SeleniumLibrary">
<arg>${locator}</arg>
<arg>${timeout}</arg>
<doc>Waits until the element ``locator`` is visible.</doc>
<status status="PASS" start="2026-06-18T13:26:14.040674" elapsed="0.015000"/>
</kw>
<kw name="Wait Until Element Is Enabled" owner="SeleniumLibrary">
<arg>${locator}</arg>
<arg>${timeout}</arg>
<doc>Waits until the element ``locator`` is enabled.</doc>
<status status="PASS" start="2026-06-18T13:26:14.055674" elapsed="0.016022"/>
</kw>
<arg>${PASSWORD_TEXTBOX}</arg>
<doc>Waits until the provided locator is visible and enabled.</doc>
<status status="PASS" start="2026-06-18T13:26:14.040674" elapsed="0.031999"/>
</kw>
<kw name="Wait For Element To Be Ready" owner="common_keywords">
<kw name="Wait Until Element Is Visible" owner="SeleniumLibrary">
<arg>${locator}</arg>
<arg>${timeout}</arg>
<doc>Waits until the element ``locator`` is visible.</doc>
<status status="PASS" start="2026-06-18T13:26:14.072673" elapsed="0.011030"/>
</kw>
<kw name="Wait Until Element Is Enabled" owner="SeleniumLibrary">
<arg>${locator}</arg>
<arg>${timeout}</arg>
<doc>Waits until the element ``locator`` is enabled.</doc>
<status status="PASS" start="2026-06-18T13:26:14.084707" elapsed="0.013483"/>
</kw>
<arg>${SIGN_IN_BUTTON}</arg>
<doc>Waits until the provided locator is visible and enabled.</doc>
<status status="PASS" start="2026-06-18T13:26:14.072673" elapsed="0.025517"/>
</kw>
<status status="PASS" start="2026-06-18T13:26:14.008673" elapsed="0.089517"/>
</kw>
<kw name="Close Browser Session" owner="common_keywords" type="TEARDOWN">
<kw name="Close All Browsers" owner="SeleniumLibrary">
<doc>Closes all open browsers and resets the browser cache.</doc>
<status status="PASS" start="2026-06-18T13:26:14.100198" elapsed="2.185703"/>
</kw>
<doc>Closes all open browser instances for the current execution.</doc>
<status status="PASS" start="2026-06-18T13:26:14.099209" elapsed="2.186692"/>
</kw>
<tag>edge</tag>
<tag>WT-LOGIN18</tag>
<status status="PASS" start="2026-06-18T13:26:08.587693" elapsed="7.698208"/>
</test>
<status status="PASS" start="2026-06-18T13:23:42.063157" elapsed="154.223751"/>
</suite>
<statistics>
<total>
<stat pass="18" fail="0" skip="0">All Tests</stat>
</total>
<tag>
<stat pass="8" fail="0" skip="0">edge</stat>
<stat pass="8" fail="0" skip="0">negative</stat>
<stat pass="2" fail="0" skip="0">positive</stat>
<stat pass="1" fail="0" skip="0">WT-LOGIN01</stat>
<stat pass="1" fail="0" skip="0">WT-LOGIN02</stat>
<stat pass="1" fail="0" skip="0">WT-LOGIN03</stat>
<stat pass="1" fail="0" skip="0">WT-LOGIN04</stat>
<stat pass="1" fail="0" skip="0">WT-LOGIN05</stat>
<stat pass="1" fail="0" skip="0">WT-LOGIN06</stat>
<stat pass="1" fail="0" skip="0">WT-LOGIN07</stat>
<stat pass="1" fail="0" skip="0">WT-LOGIN08</stat>
<stat pass="1" fail="0" skip="0">WT-LOGIN09</stat>
<stat pass="1" fail="0" skip="0">WT-LOGIN10</stat>
<stat pass="1" fail="0" skip="0">WT-LOGIN11</stat>
<stat pass="1" fail="0" skip="0">WT-LOGIN12</stat>
<stat pass="1" fail="0" skip="0">WT-LOGIN13</stat>
<stat pass="1" fail="0" skip="0">WT-LOGIN14</stat>
<stat pass="1" fail="0" skip="0">WT-LOGIN15</stat>
<stat pass="1" fail="0" skip="0">WT-LOGIN16</stat>
<stat pass="1" fail="0" skip="0">WT-LOGIN17</stat>
<stat pass="1" fail="0" skip="0">WT-LOGIN18</stat>
</tag>
<suite>
<stat name="Login Tests" id="s1" pass="18" fail="0" skip="0">Login Tests</stat>
</suite>
</statistics>
<errors>
</errors>
</robot>
